DEBUG:root:running...
DEBUG:root:pages count : 1
DEBUG:root:begin to scrap letter : NUM, page : 1
DEBUG:root:each movie's lapTime : 1.477660894393921
DEBUG:root:each movie's lapTime : 2.5861520767211914
DEBUG:root:each movie's lapTime : 6.072183847427368
DEBUG:root:each movie's lapTime : 3.5301241874694824
DEBUG:root:each movie's lapTime : 2.084181070327759
DEBUG:root:each movie's lapTime : 3.394598960876465
DEBUG:root:each movie's lapTime : 1.9102671146392822
DEBUG:root:each movie's lapTime : 4.867348909378052
DEBUG:root:each movie's lapTime : 2.0926127433776855
DEBUG:root:each movie's lapTime : 2.1873550415039062
DEBUG:root:each movie's lapTime : 3.628817081451416
DEBUG:root:each movie's lapTime : 2.608035087585449
DEBUG:root:each movie's lapTime : 2.038416862487793
DEBUG:root:each movie's lapTime : 3.285071849822998
DEBUG:root:each movie's lapTime : 2.3777589797973633
DEBUG:root:each movie's lapTime : 1.6418421268463135
DEBUG:root:each movie's lapTime : 6.087342023849487
DEBUG:root:each movie's lapTime : 4.357226848602295
DEBUG:root:each movie's lapTime : 3.2262728214263916
DEBUG:root:each movie's lapTime : 2.630812883377075
DEBUG:root:each movie's lapTime : 4.379442930221558
DEBUG:root:each movie's lapTime : 2.0402958393096924
DEBUG:root:each movie's lapTime : 2.3832480907440186
DEBUG:root:each movie's lapTime : 2.1570687294006348
DEBUG:root:each movie's lapTime : 2.113658905029297
DEBUG:root:each movie's lapTime : 3.4777588844299316
DEBUG:root:each movie's lapTime : 1.691664695739746
DEBUG:root:each movie's lapTime : 2.4966139793395996
DEBUG:root:each movie's lapTime : 2.0017850399017334
DEBUG:root:each movie's lapTime : 2.044965982437134
DEBUG:root:each movie's lapTime : 2.52592396736145
DEBUG:root:each movie's lapTime : 3.1871769428253174
DEBUG:root:each movie's lapTime : 2.3243701457977295
DEBUG:root:each movie's lapTime : 2.0707271099090576
DEBUG:root:each movie's lapTime : 5.6205480098724365
DEBUG:root:each movie's lapTime : 2.996561050415039
DEBUG:root:each movie's lapTime : 2.3013761043548584
DEBUG:root:each movie's lapTime : 2.2940151691436768
DEBUG:root:each movie's lapTime : 2.0428719520568848
DEBUG:root:each movie's lapTime : 4.693941116333008
DEBUG:root:each movie's lapTime : 2.069463014602661
DEBUG:root:each movie's lapTime : 4.457249879837036
DEBUG:root:each movie's lapTime : 3.9490299224853516
DEBUG:root:each movie's lapTime : 1.647486925125122
DEBUG:root:each movie's lapTime : 4.1222052574157715
DEBUG:root:each movie's lapTime : 3.372720956802368
DEBUG:root:each movie's lapTime : 3.463129758834839
DEBUG:root:each movie's lapTime : 7.031852960586548
DEBUG:root:each movie's lapTime : 4.168428897857666
DEBUG:root:each movie's lapTime : 2.5568907260894775
DEBUG:root:each movie's lapTime : 4.838813066482544
DEBUG:root:each movie's lapTime : 3.358711004257202
DEBUG:root:each movie's lapTime : 2.285412311553955
DEBUG:root:each movie's lapTime : 2.260003089904785
DEBUG:root:each movie's lapTime : 2.3489317893981934
DEBUG:root:each movie's lapTime : 2.0330209732055664
DEBUG:root:each movie's lapTime : 2.0361039638519287
DEBUG:root:each movie's lapTime : 2.33396577835083
DEBUG:root:each movie's lapTime : 4.917123079299927
DEBUG:root:each movie's lapTime : 4.411911964416504
DEBUG:root:each movie's lapTime : 3.0526509284973145
DEBUG:root:each movie's lapTime : 2.0559239387512207
DEBUG:root:each movie's lapTime : 2.330806016921997
DEBUG:root:each movie's lapTime : 2.6015610694885254
DEBUG:root:each movie's lapTime : 2.1387081146240234
DEBUG:root:each movie's lapTime : 2.9443907737731934
DEBUG:root:each movie's lapTime : 2.4808809757232666
DEBUG:root:each movie's lapTime : 4.0343780517578125
DEBUG:root:each movie's lapTime : 2.053384780883789
DEBUG:root:each movie's lapTime : 2.327592134475708
DEBUG:root:each movie's lapTime : 1.9719958305358887
DEBUG:root:each movie's lapTime : 2.075118064880371
DEBUG:root:each movie's lapTime : 2.2350728511810303
DEBUG:root:each movie's lapTime : 2.3805739879608154
DEBUG:root:each movie's lapTime : 4.884247064590454
DEBUG:root:each movie's lapTime : 2.0500857830047607
DEBUG:root:each movie's lapTime : 1.6376891136169434
DEBUG:root:each movie's lapTime : 2.1753530502319336
DEBUG:root:each movie's lapTime : 2.0233590602874756
DEBUG:root:each movie's lapTime : 2.975893020629883
DEBUG:root:each movie's lapTime : 2.0495619773864746
DEBUG:root:each movie's lapTime : 2.9153239727020264
DEBUG:root:each movie's lapTime : 2.2612528800964355
DEBUG:root:each movie's lapTime : 2.337782144546509
DEBUG:root:each movie's lapTime : 2.8369877338409424
DEBUG:root:each movie's lapTime : 2.2538628578186035
DEBUG:root:each movie's lapTime : 4.142567873001099
DEBUG:root:each movie's lapTime : 2.6044600009918213
DEBUG:root:each movie's lapTime : 3.516209125518799
DEBUG:root:each movie's lapTime : 2.359311103820801
DEBUG:root:each movie's lapTime : 3.153520107269287
DEBUG:root:each movie's lapTime : 2.0900251865386963
DEBUG:root:each movie's lapTime : 2.333479166030884
DEBUG:root:each movie's lapTime : 2.055269956588745
DEBUG:root:each movie's lapTime : 2.3100297451019287
DEBUG:root:each movie's lapTime : 2.2954139709472656
DEBUG:root:each movie's lapTime : 2.2764790058135986
DEBUG:root:each movie's lapTime : 2.185641288757324
DEBUG:root:each movie's lapTime : 2.1087489128112793
DEBUG:root:each movie's lapTime : 3.055499792098999
DEBUG:root:each movie's lapTime : 3.2643940448760986
DEBUG:root:each movie's lapTime : 3.3462438583374023
DEBUG:root:each movie's lapTime : 4.110574007034302
DEBUG:root:each movie's lapTime : 2.07077693939209
DEBUG:root:each movie's lapTime : 2.1575980186462402
DEBUG:root:each movie's lapTime : 2.0882160663604736
DEBUG:root:each movie's lapTime : 2.130657911300659
DEBUG:root:each movie's lapTime : 2.101994037628174
DEBUG:root:each movie's lapTime : 4.575962781906128
DEBUG:root:each movie's lapTime : 3.068310022354126
DEBUG:root:each movie's lapTime : 2.122877836227417
DEBUG:root:each movie's lapTime : 2.161259889602661
DEBUG:root:each movie's lapTime : 2.104973077774048
DEBUG:root:each movie's lapTime : 2.0973422527313232
DEBUG:root:each movie's lapTime : 4.2924580574035645
DEBUG:root:each movie's lapTime : 2.0566442012786865
DEBUG:root:each movie's lapTime : 2.1331708431243896
DEBUG:root:each movie's lapTime : 2.476728916168213
DEBUG:root:each movie's lapTime : 4.91832709312439
DEBUG:root:each movie's lapTime : 2.8447983264923096
DEBUG:root:each movie's lapTime : 2.6077589988708496
DEBUG:root:each movie's lapTime : 2.3167600631713867
DEBUG:root:each movie's lapTime : 2.4981799125671387
DEBUG:root:each movie's lapTime : 4.907623052597046
DEBUG:root:each movie's lapTime : 2.987233877182007
DEBUG:root:each movie's lapTime : 2.186509132385254
DEBUG:root:each movie's lapTime : 3.0118517875671387
DEBUG:root:each movie's lapTime : 2.9078500270843506
DEBUG:root:each movie's lapTime : 2.231534719467163
DEBUG:root:each movie's lapTime : 3.1586501598358154
DEBUG:root:each movie's lapTime : 3.5377540588378906
DEBUG:root:each movie's lapTime : 2.92828106880188
DEBUG:root:each movie's lapTime : 2.0558090209960938
DEBUG:root:each movie's lapTime : 2.0514278411865234
DEBUG:root:each movie's lapTime : 2.672636032104492
DEBUG:root:each movie's lapTime : 3.2724828720092773
DEBUG:root:each movie's lapTime : 2.0314149856567383
DEBUG:root:each movie's lapTime : 2.377707004547119
DEBUG:root:each movie's lapTime : 3.4341039657592773
DEBUG:root:each movie's lapTime : 2.3220999240875244
DEBUG:root:each movie's lapTime : 4.439466953277588
DEBUG:root:each movie's lapTime : 4.531101942062378
DEBUG:root:each movie's lapTime : 5.133265018463135
DEBUG:root:each movie's lapTime : 4.001707077026367
DEBUG:root:each movie's lapTime : 2.283569812774658
DEBUG:root:each movie's lapTime : 4.291214227676392
DEBUG:root:each movie's lapTime : 3.5060808658599854
DEBUG:root:each movie's lapTime : 2.590660810470581
DEBUG:root:each movie's lapTime : 5.69245171546936
DEBUG:root:each movie's lapTime : 2.2834181785583496
DEBUG:root:each movie's lapTime : 2.0703909397125244
DEBUG:root:each movie's lapTime : 2.392699956893921
DEBUG:root:each movie's lapTime : 2.734379768371582
DEBUG:root:each movie's lapTime : 3.5389199256896973
DEBUG:root:each movie's lapTime : 6.753217935562134
DEBUG:root:each movie's lapTime : 3.327599048614502
DEBUG:root:each movie's lapTime : 2.265526056289673
DEBUG:root:each movie's lapTime : 2.0719358921051025
DEBUG:root:each movie's lapTime : 5.508929014205933
DEBUG:root:each movie's lapTime : 2.0120761394500732
DEBUG:root:each movie's lapTime : 1.9995267391204834
DEBUG:root:each movie's lapTime : 3.286630868911743
DEBUG:root:each movie's lapTime : 2.120986223220825
DEBUG:root:each movie's lapTime : 3.908626079559326
DEBUG:root:each movie's lapTime : 3.211400032043457
DEBUG:root:each movie's lapTime : 2.2984209060668945
DEBUG:root:each movie's lapTime : 3.718485116958618
DEBUG:root:each movie's lapTime : 4.623570203781128
DEBUG:root:each movie's lapTime : 2.949403762817383
DEBUG:root:each movie's lapTime : 3.0212321281433105
DEBUG:root:each movie's lapTime : 2.1056129932403564
DEBUG:root:each movie's lapTime : 2.7234601974487305
DEBUG:root:each movie's lapTime : 5.957770109176636
DEBUG:root:each movie's lapTime : 2.3002099990844727
DEBUG:root:each movie's lapTime : 3.958563804626465
DEBUG:root:each movie's lapTime : 2.1569461822509766
DEBUG:root:each movie's lapTime : 2.0332419872283936
DEBUG:root:each movie's lapTime : 2.0990641117095947
DEBUG:root:each movie's lapTime : 1.9322779178619385
DEBUG:root:each movie's lapTime : 2.878225088119507
DEBUG:root:each movie's lapTime : 2.282017946243286
DEBUG:root:each movie's lapTime : 2.1158976554870605
DEBUG:root:each movie's lapTime : 2.0061748027801514
DEBUG:root:each movie's lapTime : 8.943177938461304
DEBUG:root:each movie's lapTime : 2.626579999923706
DEBUG:root:each movie's lapTime : 1.9619979858398438
DEBUG:root:each movie's lapTime : 4.927368879318237
DEBUG:root:each movie's lapTime : 2.066354990005493
DEBUG:root:each movie's lapTime : 3.60994029045105
DEBUG:root:each movie's lapTime : 4.911273956298828
DEBUG:root:each movie's lapTime : 3.840157985687256
DEBUG:root:each movie's lapTime : 2.087696075439453
DEBUG:root:each movie's lapTime : 2.328495979309082
DEBUG:root:each movie's lapTime : 2.959955930709839
DEBUG:root:each movie's lapTime : 2.0147950649261475
DEBUG:root:each movie's lapTime : 3.730333089828491
DEBUG:root:each movie's lapTime : 4.353070259094238
DEBUG:root:each movie's lapTime : 2.915315866470337
DEBUG:root:each movie's lapTime : 1.5788078308105469
DEBUG:root:each movie's lapTime : 3.496163845062256
DEBUG:root:each movie's lapTime : 2.1400487422943115
DEBUG:root:each movie's lapTime : 3.399915933609009
DEBUG:root:each movie's lapTime : 2.1502888202667236
DEBUG:root:each movie's lapTime : 2.6931188106536865
DEBUG:root:each movie's lapTime : 2.22815203666687
DEBUG:root:each movie's lapTime : 2.1288700103759766
DEBUG:root:each movie's lapTime : 2.330737352371216
DEBUG:root:each movie's lapTime : 4.768355846405029
DEBUG:root:each movie's lapTime : 3.157115936279297
DEBUG:root:each movie's lapTime : 3.166388988494873
DEBUG:root:each movie's lapTime : 6.715245008468628
DEBUG:root:each movie's lapTime : 2.1805179119110107
DEBUG:root:each movie's lapTime : 3.3461759090423584
DEBUG:root:each movie's lapTime : 2.40976619720459
DEBUG:root:each movie's lapTime : 6.449131011962891
DEBUG:root:each movie's lapTime : 2.0890700817108154
DEBUG:root:each movie's lapTime : 1.6427900791168213
DEBUG:root:each movie's lapTime : 2.181817054748535
DEBUG:root:each movie's lapTime : 2.0839478969573975
DEBUG:root:each movie's lapTime : 3.000800132751465
DEBUG:root:each movie's lapTime : 2.5377089977264404
DEBUG:root:each movie's lapTime : 2.3982861042022705
DEBUG:root:each movie's lapTime : 5.717559814453125
DEBUG:root:each movie's lapTime : 2.529454231262207
DEBUG:root:each movie's lapTime : 1.9505500793457031
DEBUG:root:each movie's lapTime : 3.2818450927734375
DEBUG:root:each movie's lapTime : 3.704996109008789
DEBUG:root:each movie's lapTime : 3.077812910079956
DEBUG:root:each movie's lapTime : 3.2563910484313965
DEBUG:root:each movie's lapTime : 2.135370969772339
DEBUG:root:each movie's lapTime : 2.1825132369995117
DEBUG:root:each movie's lapTime : 2.2446200847625732
DEBUG:root:each movie's lapTime : 2.108745813369751
DEBUG:root:each movie's lapTime : 2.0924549102783203
DEBUG:root:each movie's lapTime : 3.615651845932007
DEBUG:root:each movie's lapTime : 2.189985990524292
DEBUG:root:each movie's lapTime : 4.842097043991089
DEBUG:root:each movie's lapTime : 9.670854091644287
DEBUG:root:each movie's lapTime : 3.0524489879608154
DEBUG:root:each movie's lapTime : 2.0415799617767334
DEBUG:root:each movie's lapTime : 1.7748758792877197
DEBUG:root:each movie's lapTime : 2.0503721237182617
DEBUG:root:each movie's lapTime : 2.8598389625549316
DEBUG:root:each movie's lapTime : 2.083631753921509
DEBUG:root:each movie's lapTime : 2.040297031402588
DEBUG:root:each movie's lapTime : 2.470463991165161
DEBUG:root:each movie's lapTime : 3.6501240730285645
DEBUG:root:each movie's lapTime : 2.1206588745117188
DEBUG:root:each movie's lapTime : 2.280611038208008
DEBUG:root:each movie's lapTime : 6.7893760204315186
DEBUG:root:each movie's lapTime : 2.03635311126709
DEBUG:root:each movie's lapTime : 3.5500497817993164
DEBUG:root:each movie's lapTime : 2.0428009033203125
DEBUG:root:each movie's lapTime : 2.282626152038574
DEBUG:root:each movie's lapTime : 2.0656440258026123
DEBUG:root:each movie's lapTime : 6.742652177810669
DEBUG:root:each movie's lapTime : 3.681363105773926
DEBUG:root:each movie's lapTime : 2.098808765411377
DEBUG:root:each movie's lapTime : 2.3080503940582275
DEBUG:root:each movie's lapTime : 1.5594830513000488
DEBUG:root:each movie's lapTime : 2.3389241695404053
DEBUG:root:pages count : 10
DEBUG:root:begin to scrap letter : A, page : 1
DEBUG:root:each movie's lapTime : 2.5869522094726562
DEBUG:root:each movie's lapTime : 2.1827809810638428
DEBUG:root:each movie's lapTime : 2.3752779960632324
DEBUG:root:each movie's lapTime : 4.379799127578735
DEBUG:root:each movie's lapTime : 2.383042097091675
DEBUG:root:each movie's lapTime : 2.313279867172241
DEBUG:root:each movie's lapTime : 3.012565851211548
DEBUG:root:each movie's lapTime : 1.9994289875030518
DEBUG:root:each movie's lapTime : 2.483820915222168
DEBUG:root:each movie's lapTime : 3.3215041160583496
DEBUG:root:each movie's lapTime : 2.1327779293060303
DEBUG:root:each movie's lapTime : 2.1709063053131104
DEBUG:root:each movie's lapTime : 2.055459976196289
DEBUG:root:each movie's lapTime : 2.376883029937744
DEBUG:root:each movie's lapTime : 3.559462070465088
DEBUG:root:each movie's lapTime : 3.336205005645752
DEBUG:root:each movie's lapTime : 2.7878518104553223
DEBUG:root:each movie's lapTime : 5.858402967453003
DEBUG:root:each movie's lapTime : 2.4918830394744873
DEBUG:root:each movie's lapTime : 2.2818210124969482
DEBUG:root:each movie's lapTime : 2.1567299365997314
DEBUG:root:each movie's lapTime : 2.8400540351867676
DEBUG:root:each movie's lapTime : 2.45927095413208
DEBUG:root:each movie's lapTime : 3.5187339782714844
DEBUG:root:each movie's lapTime : 3.534559965133667
DEBUG:root:each movie's lapTime : 2.058724880218506
DEBUG:root:each movie's lapTime : 2.0371251106262207
DEBUG:root:each movie's lapTime : 2.550539970397949
DEBUG:root:each movie's lapTime : 5.460994720458984
DEBUG:root:each movie's lapTime : 2.03882098197937
DEBUG:root:each movie's lapTime : 2.506221055984497
DEBUG:root:each movie's lapTime : 2.5539870262145996
ERROR:root:IncompleteRead(15669 bytes read)
Traceback (most recent call last):
  File "/Library/Frameworks/Python.framework/Versions/3.6/lib/python3.6/http/client.py", line 546, in _get_chunk_left
    chunk_left = self._read_next_chunk_size()
  File "/Library/Frameworks/Python.framework/Versions/3.6/lib/python3.6/http/client.py", line 513, in _read_next_chunk_size
    return int(line, 16)
ValueError: invalid literal for int() with base 16: b''

During handling of the above exception, another exception occurred:

Traceback (most recent call last):
  File "/Library/Frameworks/Python.framework/Versions/3.6/lib/python3.6/http/client.py", line 563, in _readall_chunked
    chunk_left = self._get_chunk_left()
  File "/Library/Frameworks/Python.framework/Versions/3.6/lib/python3.6/http/client.py", line 548, in _get_chunk_left
    raise IncompleteRead(b'')
http.client.IncompleteRead: IncompleteRead(0 bytes read)

During handling of the above exception, another exception occurred:

Traceback (most recent call last):
  File "/Users/admin/Movie_DataMiner/boxofficemojo.com/Box Office Mojo_Scraping code.py", line 312, in get_all_movies
    arrData = get_movie_detail(movies_list, link, arrData)
  File "/Users/admin/Movie_DataMiner/boxofficemojo.com/Box Office Mojo_Scraping code.py", line 210, in get_movie_detail
    soup = BeautifulSoup(page, "lxml")
  File "/Library/Frameworks/Python.framework/Versions/3.6/lib/python3.6/site-packages/bs4/__init__.py", line 191, in __init__
    markup = markup.read()
  File "/Library/Frameworks/Python.framework/Versions/3.6/lib/python3.6/http/client.py", line 456, in read
    return self._readall_chunked()
  File "/Library/Frameworks/Python.framework/Versions/3.6/lib/python3.6/http/client.py", line 570, in _readall_chunked
    raise IncompleteRead(b''.join(value))
http.client.IncompleteRead: IncompleteRead(15669 bytes read)
DEBUG:root:begin to scrap letter : A, page : 2
DEBUG:root:each movie's lapTime : 2.350322961807251
DEBUG:root:each movie's lapTime : 2.0528461933135986
DEBUG:root:each movie's lapTime : 2.3466410636901855
DEBUG:root:each movie's lapTime : 2.1201210021972656
DEBUG:root:each movie's lapTime : 5.0829408168792725
DEBUG:root:each movie's lapTime : 2.0098769664764404
DEBUG:root:each movie's lapTime : 2.0409469604492188
DEBUG:root:each movie's lapTime : 3.5661001205444336
DEBUG:root:each movie's lapTime : 3.2394368648529053
DEBUG:root:each movie's lapTime : 1.5603692531585693
DEBUG:root:each movie's lapTime : 3.105013847351074
DEBUG:root:each movie's lapTime : 2.187790632247925
DEBUG:root:each movie's lapTime : 7.367977857589722
DEBUG:root:each movie's lapTime : 2.070889949798584
DEBUG:root:each movie's lapTime : 2.557898998260498
DEBUG:root:each movie's lapTime : 2.428356885910034
DEBUG:root:each movie's lapTime : 4.994085788726807
DEBUG:root:each movie's lapTime : 2.299820899963379
DEBUG:root:each movie's lapTime : 5.262878894805908
DEBUG:root:each movie's lapTime : 2.0412039756774902
DEBUG:root:each movie's lapTime : 2.270084857940674
DEBUG:root:each movie's lapTime : 2.058698892593384
DEBUG:root:each movie's lapTime : 3.1125731468200684
DEBUG:root:each movie's lapTime : 2.355036973953247
DEBUG:root:each movie's lapTime : 2.3478667736053467
DEBUG:root:each movie's lapTime : 3.656338930130005
DEBUG:root:each movie's lapTime : 2.2954108715057373
DEBUG:root:each movie's lapTime : 3.7092537879943848
DEBUG:root:each movie's lapTime : 1.6458160877227783
DEBUG:root:each movie's lapTime : 2.1304900646209717
DEBUG:root:each movie's lapTime : 7.5698957443237305
DEBUG:root:each movie's lapTime : 2.066396951675415
DEBUG:root:each movie's lapTime : 2.0882441997528076
DEBUG:root:each movie's lapTime : 3.261615037918091
DEBUG:root:each movie's lapTime : 3.052462100982666
DEBUG:root:each movie's lapTime : 2.1048059463500977
DEBUG:root:each movie's lapTime : 4.590194225311279
DEBUG:root:each movie's lapTime : 2.0876903533935547
DEBUG:root:each movie's lapTime : 2.155280828475952
DEBUG:root:each movie's lapTime : 2.1091201305389404
DEBUG:root:each movie's lapTime : 3.149902105331421
DEBUG:root:each movie's lapTime : 6.330919981002808
DEBUG:root:each movie's lapTime : 2.3110411167144775
DEBUG:root:each movie's lapTime : 2.0627970695495605
DEBUG:root:each movie's lapTime : 4.85313081741333
DEBUG:root:each movie's lapTime : 2.6982669830322266
DEBUG:root:each movie's lapTime : 1.9762859344482422
DEBUG:root:each movie's lapTime : 2.523689031600952
DEBUG:root:each movie's lapTime : 4.367033004760742
DEBUG:root:each movie's lapTime : 2.061192035675049
DEBUG:root:each movie's lapTime : 2.056241273880005
DEBUG:root:each movie's lapTime : 3.296610116958618
DEBUG:root:begin to scrap letter : A, page : 3
DEBUG:root:each movie's lapTime : 5.196774959564209
DEBUG:root:each movie's lapTime : 3.3872787952423096
DEBUG:root:each movie's lapTime : 2.4144201278686523
DEBUG:root:each movie's lapTime : 3.098050117492676
DEBUG:root:each movie's lapTime : 2.268220901489258
DEBUG:root:each movie's lapTime : 2.8830909729003906
DEBUG:root:each movie's lapTime : 2.0698180198669434
DEBUG:root:each movie's lapTime : 2.1414620876312256
DEBUG:root:each movie's lapTime : 2.1039481163024902
DEBUG:root:each movie's lapTime : 2.1297919750213623
DEBUG:root:each movie's lapTime : 3.3080461025238037
DEBUG:root:each movie's lapTime : 2.0390563011169434
DEBUG:root:each movie's lapTime : 2.224748134613037
DEBUG:root:each movie's lapTime : 2.080551862716675
DEBUG:root:each movie's lapTime : 2.7257988452911377
DEBUG:root:each movie's lapTime : 1.98427414894104
DEBUG:root:each movie's lapTime : 2.042081117630005
DEBUG:root:each movie's lapTime : 2.1755800247192383
DEBUG:root:each movie's lapTime : 5.6241772174835205
DEBUG:root:each movie's lapTime : 2.0351431369781494
DEBUG:root:each movie's lapTime : 3.283522129058838
DEBUG:root:each movie's lapTime : 1.9986588954925537
DEBUG:root:each movie's lapTime : 2.0785019397735596
DEBUG:root:each movie's lapTime : 2.4581542015075684
DEBUG:root:each movie's lapTime : 2.0175328254699707
DEBUG:root:each movie's lapTime : 4.945464134216309
DEBUG:root:each movie's lapTime : 2.031998872756958
DEBUG:root:each movie's lapTime : 7.950002908706665
DEBUG:root:each movie's lapTime : 2.110167980194092
DEBUG:root:each movie's lapTime : 2.3145079612731934
DEBUG:root:each movie's lapTime : 2.5681560039520264
DEBUG:root:each movie's lapTime : 2.9211068153381348
DEBUG:root:each movie's lapTime : 2.5976970195770264
DEBUG:root:each movie's lapTime : 3.041607141494751
DEBUG:root:each movie's lapTime : 2.5922272205352783
DEBUG:root:each movie's lapTime : 3.030406951904297
DEBUG:root:each movie's lapTime : 2.3312151432037354
DEBUG:root:each movie's lapTime : 2.1101129055023193
DEBUG:root:each movie's lapTime : 4.6596479415893555
DEBUG:root:each movie's lapTime : 5.252278089523315
DEBUG:root:each movie's lapTime : 3.8676459789276123
DEBUG:root:each movie's lapTime : 2.1238911151885986
DEBUG:root:each movie's lapTime : 4.739425182342529
DEBUG:root:each movie's lapTime : 4.253296852111816
DEBUG:root:each movie's lapTime : 2.269023895263672
DEBUG:root:each movie's lapTime : 2.0152509212493896
DEBUG:root:each movie's lapTime : 2.125924825668335
DEBUG:root:each movie's lapTime : 3.818634033203125
DEBUG:root:each movie's lapTime : 2.364150047302246
DEBUG:root:each movie's lapTime : 1.9939532279968262
DEBUG:root:each movie's lapTime : 2.6672279834747314
DEBUG:root:each movie's lapTime : 2.167910099029541
DEBUG:root:each movie's lapTime : 3.2837610244750977
DEBUG:root:each movie's lapTime : 2.3615448474884033
DEBUG:root:each movie's lapTime : 6.323379993438721
DEBUG:root:each movie's lapTime : 3.810349225997925
DEBUG:root:each movie's lapTime : 3.5330629348754883
DEBUG:root:each movie's lapTime : 8.24439001083374
DEBUG:root:each movie's lapTime : 2.367480993270874
DEBUG:root:each movie's lapTime : 3.235671043395996
DEBUG:root:each movie's lapTime : 2.1051740646362305
DEBUG:root:each movie's lapTime : 2.0546088218688965
DEBUG:root:each movie's lapTime : 2.114978790283203
DEBUG:root:each movie's lapTime : 3.1087920665740967
DEBUG:root:each movie's lapTime : 2.287713050842285
DEBUG:root:each movie's lapTime : 4.604446887969971
DEBUG:root:begin to scrap letter : A, page : 4
DEBUG:root:each movie's lapTime : 2.0439398288726807
DEBUG:root:each movie's lapTime : 2.453310966491699
DEBUG:root:each movie's lapTime : 2.3523247241973877
DEBUG:root:each movie's lapTime : 5.835885763168335
DEBUG:root:each movie's lapTime : 2.6141350269317627
DEBUG:root:each movie's lapTime : 2.0848278999328613
DEBUG:root:each movie's lapTime : 4.924209117889404
DEBUG:root:each movie's lapTime : 1.9955408573150635
DEBUG:root:each movie's lapTime : 8.525121927261353
DEBUG:root:each movie's lapTime : 3.8663291931152344
DEBUG:root:each movie's lapTime : 3.0226168632507324
DEBUG:root:each movie's lapTime : 2.187809944152832
DEBUG:root:each movie's lapTime : 3.023106098175049
DEBUG:root:each movie's lapTime : 2.6186861991882324
DEBUG:root:each movie's lapTime : 4.02882719039917
DEBUG:root:each movie's lapTime : 6.13460111618042
DEBUG:root:each movie's lapTime : 2.8985400199890137
DEBUG:root:each movie's lapTime : 5.929056882858276
DEBUG:root:each movie's lapTime : 4.883668899536133
DEBUG:root:each movie's lapTime : 2.1256139278411865
DEBUG:root:each movie's lapTime : 2.0494470596313477
DEBUG:root:each movie's lapTime : 2.0833871364593506
DEBUG:root:each movie's lapTime : 2.0051190853118896
DEBUG:root:each movie's lapTime : 3.2433278560638428
DEBUG:root:each movie's lapTime : 2.094057083129883
DEBUG:root:each movie's lapTime : 2.2188289165496826
DEBUG:root:each movie's lapTime : 2.173356056213379
DEBUG:root:each movie's lapTime : 2.085698127746582
DEBUG:root:each movie's lapTime : 2.3144619464874268
DEBUG:root:each movie's lapTime : 3.042487144470215
DEBUG:root:each movie's lapTime : 3.8245251178741455
DEBUG:root:each movie's lapTime : 2.103052854537964
DEBUG:root:each movie's lapTime : 4.639792203903198
DEBUG:root:each movie's lapTime : 2.037899971008301
DEBUG:root:each movie's lapTime : 3.9529671669006348
DEBUG:root:each movie's lapTime : 4.6357948780059814
DEBUG:root:each movie's lapTime : 2.935966968536377
DEBUG:root:each movie's lapTime : 7.011537075042725
DEBUG:root:each movie's lapTime : 3.407304048538208
DEBUG:root:each movie's lapTime : 3.476062297821045
DEBUG:root:each movie's lapTime : 2.0441699028015137
DEBUG:root:each movie's lapTime : 2.081580877304077
DEBUG:root:each movie's lapTime : 1.9379799365997314
DEBUG:root:each movie's lapTime : 2.2585811614990234
DEBUG:root:each movie's lapTime : 2.9417407512664795
DEBUG:root:each movie's lapTime : 2.314440965652466
DEBUG:root:each movie's lapTime : 2.489436149597168
DEBUG:root:each movie's lapTime : 1.47902512550354
DEBUG:root:each movie's lapTime : 3.75984787940979
DEBUG:root:each movie's lapTime : 3.3067989349365234
DEBUG:root:each movie's lapTime : 6.519917964935303
DEBUG:root:each movie's lapTime : 3.42313289642334
DEBUG:root:each movie's lapTime : 4.30588698387146
DEBUG:root:each movie's lapTime : 2.981990098953247
DEBUG:root:each movie's lapTime : 2.649500846862793
DEBUG:root:each movie's lapTime : 1.6194849014282227
DEBUG:root:each movie's lapTime : 1.8194267749786377
DEBUG:root:each movie's lapTime : 2.1760449409484863
DEBUG:root:each movie's lapTime : 2.364048957824707
DEBUG:root:each movie's lapTime : 3.631129264831543
DEBUG:root:each movie's lapTime : 4.605356931686401
DEBUG:root:each movie's lapTime : 2.118237257003784
DEBUG:root:each movie's lapTime : 2.9767329692840576
DEBUG:root:each movie's lapTime : 2.263439178466797
DEBUG:root:each movie's lapTime : 2.1466917991638184
DEBUG:root:each movie's lapTime : 2.9212522506713867
DEBUG:root:each movie's lapTime : 6.371587753295898
DEBUG:root:each movie's lapTime : 2.034423828125
DEBUG:root:each movie's lapTime : 5.012479782104492
DEBUG:root:each movie's lapTime : 2.2569580078125
DEBUG:root:each movie's lapTime : 2.3424789905548096
DEBUG:root:each movie's lapTime : 5.803438186645508
DEBUG:root:each movie's lapTime : 2.2455508708953857
DEBUG:root:each movie's lapTime : 1.972153902053833
DEBUG:root:each movie's lapTime : 1.5594830513000488
DEBUG:root:each movie's lapTime : 1.560582160949707
DEBUG:root:each movie's lapTime : 4.913128137588501
DEBUG:root:each movie's lapTime : 3.881303071975708
DEBUG:root:each movie's lapTime : 9.836530923843384
DEBUG:root:each movie's lapTime : 4.02845311164856
DEBUG:root:each movie's lapTime : 2.28782320022583
DEBUG:root:each movie's lapTime : 2.3485569953918457
DEBUG:root:each movie's lapTime : 2.456876039505005
DEBUG:root:each movie's lapTime : 2.5884711742401123
DEBUG:root:each movie's lapTime : 3.224921941757202
DEBUG:root:each movie's lapTime : 3.326751947402954
DEBUG:root:each movie's lapTime : 3.4306819438934326
DEBUG:root:each movie's lapTime : 2.0176830291748047
DEBUG:root:each movie's lapTime : 2.3333280086517334
DEBUG:root:each movie's lapTime : 2.08813214302063
DEBUG:root:each movie's lapTime : 2.1297409534454346
DEBUG:root:each movie's lapTime : 4.546036005020142
ERROR:root:IncompleteRead(17919 bytes read)
Traceback (most recent call last):
  File "/Library/Frameworks/Python.framework/Versions/3.6/lib/python3.6/http/client.py", line 546, in _get_chunk_left
    chunk_left = self._read_next_chunk_size()
  File "/Library/Frameworks/Python.framework/Versions/3.6/lib/python3.6/http/client.py", line 513, in _read_next_chunk_size
    return int(line, 16)
ValueError: invalid literal for int() with base 16: b''

During handling of the above exception, another exception occurred:

Traceback (most recent call last):
  File "/Library/Frameworks/Python.framework/Versions/3.6/lib/python3.6/http/client.py", line 563, in _readall_chunked
    chunk_left = self._get_chunk_left()
  File "/Library/Frameworks/Python.framework/Versions/3.6/lib/python3.6/http/client.py", line 548, in _get_chunk_left
    raise IncompleteRead(b'')
http.client.IncompleteRead: IncompleteRead(0 bytes read)

During handling of the above exception, another exception occurred:

Traceback (most recent call last):
  File "/Users/admin/Movie_DataMiner/boxofficemojo.com/Box Office Mojo_Scraping code.py", line 312, in get_all_movies
    arrData = get_movie_detail(movies_list, link, arrData)
  File "/Users/admin/Movie_DataMiner/boxofficemojo.com/Box Office Mojo_Scraping code.py", line 210, in get_movie_detail
    soup = BeautifulSoup(page, "lxml")
  File "/Library/Frameworks/Python.framework/Versions/3.6/lib/python3.6/site-packages/bs4/__init__.py", line 191, in __init__
    markup = markup.read()
  File "/Library/Frameworks/Python.framework/Versions/3.6/lib/python3.6/http/client.py", line 456, in read
    return self._readall_chunked()
  File "/Library/Frameworks/Python.framework/Versions/3.6/lib/python3.6/http/client.py", line 570, in _readall_chunked
    raise IncompleteRead(b''.join(value))
http.client.IncompleteRead: IncompleteRead(17919 bytes read)
DEBUG:root:begin to scrap letter : A, page : 5
DEBUG:root:each movie's lapTime : 3.2226169109344482
DEBUG:root:each movie's lapTime : 2.3041632175445557
DEBUG:root:each movie's lapTime : 1.940291166305542
DEBUG:root:each movie's lapTime : 2.0865509510040283
DEBUG:root:each movie's lapTime : 2.0712811946868896
DEBUG:root:each movie's lapTime : 1.9464240074157715
DEBUG:root:each movie's lapTime : 3.710052967071533
DEBUG:root:each movie's lapTime : 2.0165481567382812
DEBUG:root:each movie's lapTime : 2.3132622241973877
DEBUG:root:each movie's lapTime : 2.088383913040161
DEBUG:root:each movie's lapTime : 3.0427560806274414
DEBUG:root:each movie's lapTime : 2.107914924621582
DEBUG:root:each movie's lapTime : 1.999114990234375
DEBUG:root:each movie's lapTime : 4.547392129898071
DEBUG:root:each movie's lapTime : 4.640965223312378
DEBUG:root:each movie's lapTime : 2.074881076812744
DEBUG:root:each movie's lapTime : 2.0965049266815186
DEBUG:root:each movie's lapTime : 2.751641035079956
DEBUG:root:each movie's lapTime : 2.0839731693267822
DEBUG:root:each movie's lapTime : 5.049057245254517
DEBUG:root:each movie's lapTime : 3.0737459659576416
DEBUG:root:each movie's lapTime : 3.4435691833496094
DEBUG:root:each movie's lapTime : 2.380033016204834
DEBUG:root:each movie's lapTime : 5.260955095291138
DEBUG:root:each movie's lapTime : 2.347486972808838
DEBUG:root:each movie's lapTime : 2.0853271484375
DEBUG:root:each movie's lapTime : 2.0463039875030518
DEBUG:root:each movie's lapTime : 2.08955979347229
DEBUG:root:each movie's lapTime : 3.053907871246338
DEBUG:root:each movie's lapTime : 2.090998649597168
DEBUG:root:each movie's lapTime : 2.30308198928833
DEBUG:root:each movie's lapTime : 2.120177984237671
DEBUG:root:each movie's lapTime : 2.507521152496338
DEBUG:root:each movie's lapTime : 2.0428969860076904
DEBUG:root:each movie's lapTime : 2.076058864593506
DEBUG:root:each movie's lapTime : 2.094215154647827
DEBUG:root:each movie's lapTime : 4.312286853790283
DEBUG:root:each movie's lapTime : 2.00864577293396
DEBUG:root:each movie's lapTime : 3.1846747398376465
DEBUG:root:each movie's lapTime : 2.9781410694122314
DEBUG:root:each movie's lapTime : 3.0023300647735596
DEBUG:root:each movie's lapTime : 6.81756591796875
DEBUG:root:each movie's lapTime : 2.0161452293395996
DEBUG:root:each movie's lapTime : 2.106746196746826
DEBUG:root:each movie's lapTime : 3.008962869644165
DEBUG:root:each movie's lapTime : 2.069225311279297
DEBUG:root:each movie's lapTime : 2.0340278148651123
DEBUG:root:each movie's lapTime : 2.355807065963745
DEBUG:root:each movie's lapTime : 3.290888786315918
DEBUG:root:each movie's lapTime : 1.6530239582061768
DEBUG:root:each movie's lapTime : 2.1514151096343994
DEBUG:root:each movie's lapTime : 3.040148973464966
DEBUG:root:each movie's lapTime : 4.428390741348267
DEBUG:root:each movie's lapTime : 4.200292110443115
DEBUG:root:each movie's lapTime : 7.844707012176514
DEBUG:root:each movie's lapTime : 2.248533010482788
DEBUG:root:each movie's lapTime : 2.175975799560547
DEBUG:root:each movie's lapTime : 4.843692064285278
DEBUG:root:each movie's lapTime : 3.247441053390503
DEBUG:root:each movie's lapTime : 2.2894458770751953
DEBUG:root:each movie's lapTime : 2.1253559589385986
DEBUG:root:each movie's lapTime : 4.965552806854248
DEBUG:root:each movie's lapTime : 2.285348892211914
DEBUG:root:each movie's lapTime : 1.9422781467437744
DEBUG:root:each movie's lapTime : 3.160529851913452
DEBUG:root:each movie's lapTime : 2.6041011810302734
DEBUG:root:each movie's lapTime : 2.089777946472168
DEBUG:root:each movie's lapTime : 2.1534557342529297
DEBUG:root:each movie's lapTime : 2.060394287109375
DEBUG:root:each movie's lapTime : 3.9553909301757812
DEBUG:root:each movie's lapTime : 3.2431437969207764
DEBUG:root:each movie's lapTime : 2.1139888763427734
DEBUG:root:each movie's lapTime : 3.080421209335327
DEBUG:root:each movie's lapTime : 3.100486993789673
DEBUG:root:each movie's lapTime : 2.100099802017212
DEBUG:root:each movie's lapTime : 2.017224073410034
DEBUG:root:each movie's lapTime : 2.17208194732666
DEBUG:root:each movie's lapTime : 2.20096492767334
DEBUG:root:each movie's lapTime : 2.6555628776550293
DEBUG:root:each movie's lapTime : 2.3748068809509277
DEBUG:root:each movie's lapTime : 2.85233473777771
DEBUG:root:each movie's lapTime : 2.309483051300049
DEBUG:root:each movie's lapTime : 1.684046983718872
DEBUG:root:each movie's lapTime : 2.113067865371704
DEBUG:root:each movie's lapTime : 2.0205819606781006
DEBUG:root:each movie's lapTime : 2.148655891418457
DEBUG:root:each movie's lapTime : 2.5119521617889404
DEBUG:root:each movie's lapTime : 4.186919927597046
DEBUG:root:each movie's lapTime : 3.733964681625366
DEBUG:root:each movie's lapTime : 3.2927019596099854
DEBUG:root:each movie's lapTime : 2.0591840744018555
DEBUG:root:each movie's lapTime : 3.050819158554077
DEBUG:root:each movie's lapTime : 1.6396288871765137
DEBUG:root:each movie's lapTime : 2.081411838531494
DEBUG:root:each movie's lapTime : 2.2743778228759766
DEBUG:root:each movie's lapTime : 2.084083318710327
DEBUG:root:each movie's lapTime : 3.0219919681549072
ERROR:root:IncompleteRead(20448 bytes read)
Traceback (most recent call last):
  File "/Library/Frameworks/Python.framework/Versions/3.6/lib/python3.6/http/client.py", line 546, in _get_chunk_left
    chunk_left = self._read_next_chunk_size()
  File "/Library/Frameworks/Python.framework/Versions/3.6/lib/python3.6/http/client.py", line 513, in _read_next_chunk_size
    return int(line, 16)
ValueError: invalid literal for int() with base 16: b''

During handling of the above exception, another exception occurred:

Traceback (most recent call last):
  File "/Library/Frameworks/Python.framework/Versions/3.6/lib/python3.6/http/client.py", line 563, in _readall_chunked
    chunk_left = self._get_chunk_left()
  File "/Library/Frameworks/Python.framework/Versions/3.6/lib/python3.6/http/client.py", line 548, in _get_chunk_left
    raise IncompleteRead(b'')
http.client.IncompleteRead: IncompleteRead(0 bytes read)

During handling of the above exception, another exception occurred:

Traceback (most recent call last):
  File "/Users/admin/Movie_DataMiner/boxofficemojo.com/Box Office Mojo_Scraping code.py", line 312, in get_all_movies
    arrData = get_movie_detail(movies_list, link, arrData)
  File "/Users/admin/Movie_DataMiner/boxofficemojo.com/Box Office Mojo_Scraping code.py", line 210, in get_movie_detail
    soup = BeautifulSoup(page, "lxml")
  File "/Library/Frameworks/Python.framework/Versions/3.6/lib/python3.6/site-packages/bs4/__init__.py", line 191, in __init__
    markup = markup.read()
  File "/Library/Frameworks/Python.framework/Versions/3.6/lib/python3.6/http/client.py", line 456, in read
    return self._readall_chunked()
  File "/Library/Frameworks/Python.framework/Versions/3.6/lib/python3.6/http/client.py", line 570, in _readall_chunked
    raise IncompleteRead(b''.join(value))
http.client.IncompleteRead: IncompleteRead(20448 bytes read)
DEBUG:root:begin to scrap letter : A, page : 6
DEBUG:root:each movie's lapTime : 2.0832860469818115
DEBUG:root:each movie's lapTime : 7.152911901473999
DEBUG:root:each movie's lapTime : 2.768932819366455
DEBUG:root:each movie's lapTime : 2.1616430282592773
DEBUG:root:each movie's lapTime : 2.58430814743042
DEBUG:root:each movie's lapTime : 2.1111879348754883
DEBUG:root:each movie's lapTime : 2.0934009552001953
DEBUG:root:each movie's lapTime : 2.0292389392852783
DEBUG:root:each movie's lapTime : 2.3172130584716797
DEBUG:root:each movie's lapTime : 2.3957743644714355
DEBUG:root:each movie's lapTime : 2.9839391708374023
DEBUG:root:each movie's lapTime : 2.2360928058624268
DEBUG:root:each movie's lapTime : 2.4404709339141846
DEBUG:root:each movie's lapTime : 2.0554182529449463
DEBUG:root:each movie's lapTime : 5.518087148666382
DEBUG:root:each movie's lapTime : 4.266239166259766
DEBUG:root:each movie's lapTime : 2.8849799633026123
DEBUG:root:each movie's lapTime : 2.0885009765625
DEBUG:root:each movie's lapTime : 3.260622024536133
DEBUG:root:each movie's lapTime : 4.625716924667358
DEBUG:root:each movie's lapTime : 4.773207902908325
DEBUG:root:each movie's lapTime : 5.665308952331543
DEBUG:root:each movie's lapTime : 2.2366740703582764
DEBUG:root:each movie's lapTime : 2.090208053588867
DEBUG:root:each movie's lapTime : 2.0324108600616455
DEBUG:root:each movie's lapTime : 1.648454189300537
DEBUG:root:each movie's lapTime : 3.4894018173217773
DEBUG:root:each movie's lapTime : 2.181375026702881
DEBUG:root:each movie's lapTime : 1.6501638889312744
DEBUG:root:each movie's lapTime : 2.433743953704834
DEBUG:root:each movie's lapTime : 2.0523829460144043
DEBUG:root:each movie's lapTime : 2.330828905105591
DEBUG:root:each movie's lapTime : 3.615886926651001
DEBUG:root:each movie's lapTime : 2.124809980392456
DEBUG:root:each movie's lapTime : 2.014816999435425
DEBUG:root:each movie's lapTime : 2.3249261379241943
DEBUG:root:each movie's lapTime : 2.007737874984741
DEBUG:root:each movie's lapTime : 1.9746801853179932
DEBUG:root:each movie's lapTime : 5.429258823394775
DEBUG:root:each movie's lapTime : 2.2907919883728027
DEBUG:root:each movie's lapTime : 2.0524489879608154
DEBUG:root:each movie's lapTime : 3.3107967376708984
DEBUG:root:each movie's lapTime : 2.120759963989258
DEBUG:root:each movie's lapTime : 2.480196237564087
DEBUG:root:each movie's lapTime : 2.0541062355041504
DEBUG:root:each movie's lapTime : 2.342241048812866
DEBUG:root:each movie's lapTime : 3.7028727531433105
DEBUG:root:each movie's lapTime : 2.3757660388946533
DEBUG:root:each movie's lapTime : 2.587714910507202
DEBUG:root:each movie's lapTime : 3.1348118782043457
DEBUG:root:each movie's lapTime : 2.6642770767211914
DEBUG:root:each movie's lapTime : 2.693066120147705
DEBUG:root:each movie's lapTime : 4.713278293609619
DEBUG:root:each movie's lapTime : 3.3971428871154785
DEBUG:root:each movie's lapTime : 3.0739920139312744
DEBUG:root:each movie's lapTime : 2.0228869915008545
DEBUG:root:each movie's lapTime : 2.1311957836151123
DEBUG:root:each movie's lapTime : 4.117933750152588
DEBUG:root:each movie's lapTime : 2.370162010192871
DEBUG:root:each movie's lapTime : 5.137373924255371
DEBUG:root:each movie's lapTime : 2.076993942260742
DEBUG:root:each movie's lapTime : 2.0734078884124756
DEBUG:root:each movie's lapTime : 2.1152710914611816
DEBUG:root:each movie's lapTime : 2.085581064224243
DEBUG:root:each movie's lapTime : 2.0357840061187744
DEBUG:root:each movie's lapTime : 2.4245920181274414
DEBUG:root:each movie's lapTime : 3.2409279346466064
DEBUG:root:each movie's lapTime : 3.337249755859375
DEBUG:root:each movie's lapTime : 2.172050952911377
DEBUG:root:each movie's lapTime : 2.0989933013916016
DEBUG:root:each movie's lapTime : 2.5833070278167725
DEBUG:root:each movie's lapTime : 2.110224723815918
DEBUG:root:each movie's lapTime : 2.0638539791107178
DEBUG:root:each movie's lapTime : 1.9936528205871582
DEBUG:root:each movie's lapTime : 3.9621431827545166
DEBUG:root:each movie's lapTime : 1.6201720237731934
DEBUG:root:each movie's lapTime : 2.3739969730377197
DEBUG:root:each movie's lapTime : 2.058250904083252
DEBUG:root:each movie's lapTime : 2.1511669158935547
DEBUG:root:each movie's lapTime : 2.0990209579467773
DEBUG:root:each movie's lapTime : 2.154819965362549
DEBUG:root:each movie's lapTime : 2.107156991958618
DEBUG:root:each movie's lapTime : 2.0600838661193848
DEBUG:root:each movie's lapTime : 2.5591909885406494
DEBUG:root:each movie's lapTime : 2.0727696418762207
DEBUG:root:each movie's lapTime : 2.001007080078125
DEBUG:root:each movie's lapTime : 2.3736987113952637
DEBUG:root:each movie's lapTime : 2.1088058948516846
DEBUG:root:each movie's lapTime : 2.535856008529663
DEBUG:root:each movie's lapTime : 2.3319430351257324
DEBUG:root:each movie's lapTime : 3.3246560096740723
DEBUG:root:each movie's lapTime : 2.0423882007598877
DEBUG:root:each movie's lapTime : 2.064976930618286
DEBUG:root:each movie's lapTime : 1.6690309047698975
DEBUG:root:each movie's lapTime : 2.0897250175476074
DEBUG:root:each movie's lapTime : 2.2710578441619873
DEBUG:root:each movie's lapTime : 2.3126332759857178
DEBUG:root:each movie's lapTime : 3.2611498832702637
DEBUG:root:each movie's lapTime : 3.5498828887939453
DEBUG:root:each movie's lapTime : 2.0110161304473877
DEBUG:root:each movie's lapTime : 2.1102139949798584
DEBUG:root:each movie's lapTime : 2.1373329162597656
DEBUG:root:each movie's lapTime : 3.0266687870025635
DEBUG:root:each movie's lapTime : 3.8893089294433594
DEBUG:root:each movie's lapTime : 3.118696928024292
DEBUG:root:each movie's lapTime : 4.243494987487793
DEBUG:root:each movie's lapTime : 2.0328238010406494
DEBUG:root:each movie's lapTime : 2.411591053009033
DEBUG:root:each movie's lapTime : 3.068603754043579
DEBUG:root:each movie's lapTime : 2.0211970806121826
DEBUG:root:each movie's lapTime : 2.1943438053131104
DEBUG:root:each movie's lapTime : 2.933938980102539
DEBUG:root:each movie's lapTime : 2.114496946334839
DEBUG:root:each movie's lapTime : 8.569550037384033
DEBUG:root:each movie's lapTime : 1.8893959522247314
DEBUG:root:each movie's lapTime : 6.581338882446289
DEBUG:root:each movie's lapTime : 2.389234781265259
DEBUG:root:each movie's lapTime : 2.5088698863983154
DEBUG:root:each movie's lapTime : 3.753822088241577
DEBUG:root:each movie's lapTime : 2.380368947982788
DEBUG:root:each movie's lapTime : 2.4276816844940186
DEBUG:root:each movie's lapTime : 2.9119107723236084
DEBUG:root:each movie's lapTime : 2.812727928161621
DEBUG:root:each movie's lapTime : 2.0194668769836426
DEBUG:root:each movie's lapTime : 3.892306089401245
DEBUG:root:each movie's lapTime : 1.976957082748413
DEBUG:root:each movie's lapTime : 1.6589951515197754
DEBUG:root:each movie's lapTime : 3.238929271697998
DEBUG:root:each movie's lapTime : 3.3739569187164307
DEBUG:root:each movie's lapTime : 3.4816842079162598
DEBUG:root:each movie's lapTime : 5.193854093551636
DEBUG:root:each movie's lapTime : 3.4771010875701904
DEBUG:root:each movie's lapTime : 2.5410118103027344
DEBUG:root:each movie's lapTime : 1.9809250831604004
DEBUG:root:each movie's lapTime : 3.035066843032837
DEBUG:root:begin to scrap letter : A, page : 7
DEBUG:root:each movie's lapTime : 2.4265379905700684
DEBUG:root:each movie's lapTime : 2.0666801929473877
DEBUG:root:each movie's lapTime : 2.330275058746338
DEBUG:root:each movie's lapTime : 4.463440179824829
DEBUG:root:each movie's lapTime : 3.02500319480896
DEBUG:root:each movie's lapTime : 2.013023853302002
DEBUG:root:each movie's lapTime : 2.011605978012085
DEBUG:root:each movie's lapTime : 2.2949378490448
DEBUG:root:each movie's lapTime : 2.611922025680542
DEBUG:root:each movie's lapTime : 2.4435482025146484
DEBUG:root:each movie's lapTime : 2.1091549396514893
DEBUG:root:each movie's lapTime : 3.322175979614258
DEBUG:root:each movie's lapTime : 2.058917760848999
DEBUG:root:each movie's lapTime : 2.2824461460113525
DEBUG:root:each movie's lapTime : 2.363734006881714
DEBUG:root:each movie's lapTime : 2.0141851902008057
DEBUG:root:each movie's lapTime : 1.938060998916626
DEBUG:root:each movie's lapTime : 2.012507915496826
DEBUG:root:each movie's lapTime : 3.3899691104888916
DEBUG:root:each movie's lapTime : 2.3210878372192383
DEBUG:root:each movie's lapTime : 2.1447649002075195
DEBUG:root:each movie's lapTime : 2.0728371143341064
DEBUG:root:each movie's lapTime : 2.0909178256988525
DEBUG:root:each movie's lapTime : 1.996513843536377
DEBUG:root:each movie's lapTime : 2.3219761848449707
DEBUG:root:each movie's lapTime : 4.530325174331665
DEBUG:root:each movie's lapTime : 2.2984001636505127
DEBUG:root:each movie's lapTime : 2.3702869415283203
DEBUG:root:each movie's lapTime : 2.0142109394073486
DEBUG:root:each movie's lapTime : 1.9824810028076172
DEBUG:root:each movie's lapTime : 2.085188865661621
DEBUG:root:each movie's lapTime : 2.1152541637420654
DEBUG:root:each movie's lapTime : 2.10089111328125
DEBUG:root:each movie's lapTime : 1.9245879650115967
DEBUG:root:each movie's lapTime : 2.0822761058807373
DEBUG:root:each movie's lapTime : 3.7771949768066406
DEBUG:root:each movie's lapTime : 2.3121132850646973
DEBUG:root:each movie's lapTime : 3.94046688079834
DEBUG:root:each movie's lapTime : 2.096312999725342
DEBUG:root:each movie's lapTime : 2.086568832397461
DEBUG:root:each movie's lapTime : 2.2931032180786133
DEBUG:root:each movie's lapTime : 3.1626689434051514
DEBUG:root:each movie's lapTime : 2.364259958267212
DEBUG:root:each movie's lapTime : 6.163404941558838
DEBUG:root:each movie's lapTime : 3.741338014602661
DEBUG:root:each movie's lapTime : 4.056977033615112
DEBUG:root:each movie's lapTime : 3.099151134490967
DEBUG:root:each movie's lapTime : 4.622219085693359
DEBUG:root:each movie's lapTime : 2.362589120864868
DEBUG:root:each movie's lapTime : 1.9154200553894043
DEBUG:root:each movie's lapTime : 4.347020149230957
DEBUG:root:each movie's lapTime : 4.241358041763306
DEBUG:root:each movie's lapTime : 2.194150924682617
DEBUG:root:each movie's lapTime : 2.3172738552093506
DEBUG:root:each movie's lapTime : 2.3360400199890137
DEBUG:root:each movie's lapTime : 2.0664851665496826
DEBUG:root:each movie's lapTime : 2.3229260444641113
DEBUG:root:each movie's lapTime : 5.442325115203857
DEBUG:root:each movie's lapTime : 2.315096139907837
DEBUG:root:each movie's lapTime : 3.127293825149536
DEBUG:root:each movie's lapTime : 2.1753761768341064
DEBUG:root:each movie's lapTime : 4.512053966522217
DEBUG:root:each movie's lapTime : 2.072899103164673
DEBUG:root:each movie's lapTime : 3.2443997859954834
DEBUG:root:each movie's lapTime : 4.708193063735962
DEBUG:root:each movie's lapTime : 2.3681039810180664
DEBUG:root:each movie's lapTime : 2.133810043334961
DEBUG:root:each movie's lapTime : 1.9862148761749268
DEBUG:root:each movie's lapTime : 2.316633939743042
DEBUG:root:each movie's lapTime : 2.079209089279175
DEBUG:root:each movie's lapTime : 3.571514844894409
DEBUG:root:each movie's lapTime : 2.3041489124298096
DEBUG:root:each movie's lapTime : 5.646397113800049
DEBUG:root:each movie's lapTime : 2.1080079078674316
DEBUG:root:each movie's lapTime : 2.0553760528564453
DEBUG:root:each movie's lapTime : 2.328699827194214
DEBUG:root:each movie's lapTime : 5.512098073959351
DEBUG:root:each movie's lapTime : 2.3464930057525635
DEBUG:root:each movie's lapTime : 4.272257089614868
DEBUG:root:each movie's lapTime : 2.1029469966888428
DEBUG:root:each movie's lapTime : 3.0332112312316895
DEBUG:root:each movie's lapTime : 2.1172327995300293
DEBUG:root:each movie's lapTime : 2.267686128616333
DEBUG:root:each movie's lapTime : 2.1454081535339355
DEBUG:root:each movie's lapTime : 4.650608062744141
DEBUG:root:each movie's lapTime : 2.847172975540161
DEBUG:root:each movie's lapTime : 4.699527025222778
DEBUG:root:each movie's lapTime : 2.423178195953369
DEBUG:root:each movie's lapTime : 5.84700083732605
DEBUG:root:each movie's lapTime : 2.0057971477508545
DEBUG:root:each movie's lapTime : 2.6151230335235596
DEBUG:root:each movie's lapTime : 3.389104127883911
DEBUG:root:each movie's lapTime : 2.593942165374756
DEBUG:root:each movie's lapTime : 2.4082040786743164
DEBUG:root:each movie's lapTime : 3.2927680015563965
DEBUG:root:each movie's lapTime : 3.045456886291504
DEBUG:root:each movie's lapTime : 1.8529331684112549
DEBUG:root:each movie's lapTime : 3.3680009841918945
DEBUG:root:each movie's lapTime : 2.284350872039795
DEBUG:root:each movie's lapTime : 5.922798156738281
DEBUG:root:each movie's lapTime : 2.031588077545166
DEBUG:root:each movie's lapTime : 4.891610145568848
DEBUG:root:each movie's lapTime : 3.8573288917541504
DEBUG:root:each movie's lapTime : 2.0514650344848633
DEBUG:root:each movie's lapTime : 3.0108020305633545
DEBUG:root:each movie's lapTime : 1.5074448585510254
DEBUG:root:each movie's lapTime : 2.6493120193481445
DEBUG:root:each movie's lapTime : 2.0775811672210693
DEBUG:root:each movie's lapTime : 2.543696880340576
DEBUG:root:each movie's lapTime : 3.4851040840148926
DEBUG:root:each movie's lapTime : 3.2803797721862793
DEBUG:root:each movie's lapTime : 2.990741014480591
DEBUG:root:each movie's lapTime : 2.1826577186584473
DEBUG:root:each movie's lapTime : 3.9913110733032227
DEBUG:root:each movie's lapTime : 6.27074408531189
DEBUG:root:each movie's lapTime : 4.458009958267212
DEBUG:root:each movie's lapTime : 2.3375070095062256
DEBUG:root:begin to scrap letter : A, page : 8
DEBUG:root:each movie's lapTime : 2.734318733215332
DEBUG:root:each movie's lapTime : 2.1046321392059326
DEBUG:root:each movie's lapTime : 2.291127920150757
DEBUG:root:each movie's lapTime : 2.62337589263916
DEBUG:root:each movie's lapTime : 1.5632259845733643
DEBUG:root:each movie's lapTime : 2.307821035385132
DEBUG:root:each movie's lapTime : 3.49855375289917
DEBUG:root:each movie's lapTime : 2.111337184906006
DEBUG:root:each movie's lapTime : 2.411087989807129
DEBUG:root:each movie's lapTime : 3.0596978664398193
DEBUG:root:each movie's lapTime : 4.568720102310181
DEBUG:root:each movie's lapTime : 2.223982095718384
DEBUG:root:each movie's lapTime : 2.2490780353546143
DEBUG:root:each movie's lapTime : 3.455918073654175
DEBUG:root:each movie's lapTime : 2.398560047149658
DEBUG:root:each movie's lapTime : 2.4078469276428223
DEBUG:root:each movie's lapTime : 2.2947580814361572
DEBUG:root:each movie's lapTime : 3.190164089202881
DEBUG:root:each movie's lapTime : 2.0889298915863037
DEBUG:root:each movie's lapTime : 3.067474126815796
DEBUG:root:each movie's lapTime : 2.3055419921875
DEBUG:root:each movie's lapTime : 2.436408042907715
DEBUG:root:each movie's lapTime : 2.1042020320892334
DEBUG:root:each movie's lapTime : 3.138700008392334
DEBUG:root:each movie's lapTime : 3.5517280101776123
DEBUG:root:each movie's lapTime : 5.285313129425049
DEBUG:root:each movie's lapTime : 6.221008062362671
DEBUG:root:each movie's lapTime : 3.0683770179748535
DEBUG:root:each movie's lapTime : 2.1203668117523193
DEBUG:root:each movie's lapTime : 5.2597949504852295
DEBUG:root:each movie's lapTime : 1.6641850471496582
DEBUG:root:each movie's lapTime : 3.9049570560455322
DEBUG:root:each movie's lapTime : 5.672343015670776
DEBUG:root:each movie's lapTime : 2.0594258308410645
DEBUG:root:each movie's lapTime : 3.305536985397339
DEBUG:root:each movie's lapTime : 4.443497896194458
DEBUG:root:each movie's lapTime : 2.0446248054504395
DEBUG:root:each movie's lapTime : 2.438460111618042
DEBUG:root:each movie's lapTime : 2.5477981567382812
DEBUG:root:each movie's lapTime : 2.2672619819641113
DEBUG:root:each movie's lapTime : 3.5643210411071777
DEBUG:root:each movie's lapTime : 2.273552179336548
DEBUG:root:each movie's lapTime : 3.356735944747925
DEBUG:root:each movie's lapTime : 4.64653205871582
DEBUG:root:each movie's lapTime : 2.116611957550049
DEBUG:root:each movie's lapTime : 3.2590208053588867
DEBUG:root:each movie's lapTime : 3.1063380241394043
DEBUG:root:each movie's lapTime : 3.2687971591949463
DEBUG:root:each movie's lapTime : 3.3314309120178223
DEBUG:root:each movie's lapTime : 2.1304659843444824
DEBUG:root:each movie's lapTime : 2.068862199783325
DEBUG:root:each movie's lapTime : 2.107351064682007
DEBUG:root:each movie's lapTime : 2.390673875808716
DEBUG:root:each movie's lapTime : 2.0386722087860107
DEBUG:root:each movie's lapTime : 2.1067028045654297
DEBUG:root:each movie's lapTime : 3.233886241912842
DEBUG:root:each movie's lapTime : 4.6940929889678955
DEBUG:root:each movie's lapTime : 2.1299009323120117
DEBUG:root:each movie's lapTime : 9.358218908309937
DEBUG:root:each movie's lapTime : 2.2861928939819336
DEBUG:root:each movie's lapTime : 3.151219367980957
DEBUG:root:each movie's lapTime : 4.508235931396484
DEBUG:root:each movie's lapTime : 3.791862964630127
DEBUG:root:each movie's lapTime : 2.3813059329986572
DEBUG:root:each movie's lapTime : 2.380845069885254
DEBUG:root:each movie's lapTime : 2.2627880573272705
DEBUG:root:each movie's lapTime : 2.1309289932250977
DEBUG:root:each movie's lapTime : 2.2901082038879395
DEBUG:root:each movie's lapTime : 4.6211230754852295
DEBUG:root:begin to scrap letter : A, page : 9
DEBUG:root:each movie's lapTime : 2.3856430053710938
DEBUG:root:each movie's lapTime : 2.0647449493408203
DEBUG:root:each movie's lapTime : 2.841129779815674
DEBUG:root:each movie's lapTime : 3.3342978954315186
DEBUG:root:each movie's lapTime : 4.683185338973999
DEBUG:root:each movie's lapTime : 4.163394927978516
DEBUG:root:each movie's lapTime : 2.886221170425415
DEBUG:root:each movie's lapTime : 2.6512861251831055
DEBUG:root:each movie's lapTime : 2.1239819526672363
DEBUG:root:each movie's lapTime : 4.512065172195435
DEBUG:root:each movie's lapTime : 3.277885913848877
DEBUG:root:each movie's lapTime : 3.725841999053955
DEBUG:root:each movie's lapTime : 5.199576139450073
DEBUG:root:each movie's lapTime : 6.09291410446167
DEBUG:root:each movie's lapTime : 2.323014259338379
DEBUG:root:each movie's lapTime : 3.1544859409332275
DEBUG:root:each movie's lapTime : 2.6627612113952637
DEBUG:root:each movie's lapTime : 4.622125148773193
DEBUG:root:each movie's lapTime : 2.76370906829834
DEBUG:root:each movie's lapTime : 3.0887489318847656
DEBUG:root:each movie's lapTime : 2.3526270389556885
DEBUG:root:each movie's lapTime : 2.351912021636963
DEBUG:root:each movie's lapTime : 3.0639429092407227
DEBUG:root:each movie's lapTime : 2.157747983932495
DEBUG:root:each movie's lapTime : 2.105498790740967
DEBUG:root:each movie's lapTime : 2.014378786087036
DEBUG:root:each movie's lapTime : 2.1265859603881836
DEBUG:root:each movie's lapTime : 3.059217929840088
DEBUG:root:each movie's lapTime : 1.6391899585723877
DEBUG:root:each movie's lapTime : 2.3338990211486816
DEBUG:root:each movie's lapTime : 7.562869071960449
DEBUG:root:each movie's lapTime : 2.106091022491455
DEBUG:root:each movie's lapTime : 4.119091987609863
DEBUG:root:each movie's lapTime : 6.3128440380096436
DEBUG:root:each movie's lapTime : 3.0754168033599854
DEBUG:root:each movie's lapTime : 2.0774483680725098
DEBUG:root:each movie's lapTime : 6.136715888977051
DEBUG:root:each movie's lapTime : 3.795543909072876
DEBUG:root:each movie's lapTime : 3.650743007659912
DEBUG:root:each movie's lapTime : 3.5993168354034424
DEBUG:root:each movie's lapTime : 3.675654172897339
DEBUG:root:each movie's lapTime : 3.3091909885406494
DEBUG:root:each movie's lapTime : 2.03684663772583
DEBUG:root:each movie's lapTime : 2.3892617225646973
DEBUG:root:each movie's lapTime : 3.016126871109009
DEBUG:root:each movie's lapTime : 3.2312581539154053
DEBUG:root:each movie's lapTime : 2.498340129852295
DEBUG:root:each movie's lapTime : 2.3905951976776123
DEBUG:root:each movie's lapTime : 3.0177161693573
DEBUG:root:each movie's lapTime : 2.975385904312134
DEBUG:root:each movie's lapTime : 2.0933549404144287
DEBUG:root:each movie's lapTime : 3.431288003921509
DEBUG:root:each movie's lapTime : 2.332563877105713
DEBUG:root:each movie's lapTime : 2.342414140701294
DEBUG:root:each movie's lapTime : 3.6637251377105713
DEBUG:root:each movie's lapTime : 3.3069450855255127
DEBUG:root:begin to scrap letter : A, page : 10
DEBUG:root:each movie's lapTime : 5.960592031478882
DEBUG:root:each movie's lapTime : 2.2542800903320312
DEBUG:root:each movie's lapTime : 2.023027181625366
DEBUG:root:each movie's lapTime : 6.806076765060425
DEBUG:root:pages count : 8
DEBUG:root:begin to scrap letter : B, page : 1
DEBUG:root:each movie's lapTime : 2.1396780014038086
ERROR:root:'NoneType' object has no attribute 'find_all'
Traceback (most recent call last):
  File "/Users/admin/Movie_DataMiner/boxofficemojo.com/Box Office Mojo_Scraping code.py", line 312, in get_all_movies
    arrData = get_movie_detail(movies_list, link, arrData)
  File "/Users/admin/Movie_DataMiner/boxofficemojo.com/Box Office Mojo_Scraping code.py", line 212, in get_movie_detail
    tabledata = contents.find_all("td")
AttributeError: 'NoneType' object has no attribute 'find_all'
DEBUG:root:begin to scrap letter : B, page : 2
DEBUG:root:each movie's lapTime : 4.275803089141846
DEBUG:root:each movie's lapTime : 2.097465991973877
DEBUG:root:each movie's lapTime : 7.028740167617798
DEBUG:root:each movie's lapTime : 2.9773693084716797
DEBUG:root:each movie's lapTime : 3.315361976623535
DEBUG:root:each movie's lapTime : 2.3677291870117188
DEBUG:root:each movie's lapTime : 2.3216068744659424
DEBUG:root:each movie's lapTime : 2.061669111251831
DEBUG:root:each movie's lapTime : 2.035069227218628
DEBUG:root:each movie's lapTime : 1.6334829330444336
DEBUG:root:each movie's lapTime : 3.516369104385376
DEBUG:root:each movie's lapTime : 2.3601908683776855
DEBUG:root:each movie's lapTime : 2.4158518314361572
DEBUG:root:each movie's lapTime : 2.104170083999634
DEBUG:root:each movie's lapTime : 2.0311942100524902
DEBUG:root:each movie's lapTime : 3.499379873275757
DEBUG:root:each movie's lapTime : 3.035694122314453
DEBUG:root:each movie's lapTime : 2.0627200603485107
DEBUG:root:each movie's lapTime : 4.940746068954468
DEBUG:root:each movie's lapTime : 6.684362173080444
DEBUG:root:each movie's lapTime : 3.020024061203003
DEBUG:root:each movie's lapTime : 2.3577888011932373
DEBUG:root:each movie's lapTime : 2.0817770957946777
DEBUG:root:each movie's lapTime : 2.0881876945495605
DEBUG:root:each movie's lapTime : 3.24052095413208
DEBUG:root:each movie's lapTime : 2.699601173400879
DEBUG:root:each movie's lapTime : 2.1577389240264893
DEBUG:root:each movie's lapTime : 2.0565199851989746
DEBUG:root:each movie's lapTime : 3.7557919025421143
DEBUG:root:each movie's lapTime : 2.1090381145477295
DEBUG:root:each movie's lapTime : 2.351740837097168
DEBUG:root:each movie's lapTime : 2.522244930267334
DEBUG:root:each movie's lapTime : 1.5993859767913818
DEBUG:root:each movie's lapTime : 2.1278131008148193
DEBUG:root:each movie's lapTime : 4.196401119232178
DEBUG:root:each movie's lapTime : 2.0816750526428223
DEBUG:root:each movie's lapTime : 2.0888147354125977
DEBUG:root:each movie's lapTime : 3.7241058349609375
DEBUG:root:each movie's lapTime : 3.7384848594665527
DEBUG:root:each movie's lapTime : 6.102170705795288
DEBUG:root:each movie's lapTime : 2.314979076385498
DEBUG:root:each movie's lapTime : 2.619769811630249
DEBUG:root:each movie's lapTime : 2.056096076965332
DEBUG:root:each movie's lapTime : 1.513437032699585
DEBUG:root:each movie's lapTime : 2.090020179748535
DEBUG:root:each movie's lapTime : 4.1569342613220215
DEBUG:root:each movie's lapTime : 3.9508750438690186
DEBUG:root:each movie's lapTime : 5.3405396938323975
DEBUG:root:each movie's lapTime : 2.0712568759918213
DEBUG:root:each movie's lapTime : 2.1137032508850098
DEBUG:root:each movie's lapTime : 4.783742189407349
DEBUG:root:each movie's lapTime : 2.016573905944824
DEBUG:root:each movie's lapTime : 1.8952858448028564
DEBUG:root:each movie's lapTime : 2.044361114501953
DEBUG:root:each movie's lapTime : 3.7331008911132812
DEBUG:root:each movie's lapTime : 2.5333356857299805
DEBUG:root:each movie's lapTime : 2.036808967590332
DEBUG:root:each movie's lapTime : 6.285068035125732
DEBUG:root:each movie's lapTime : 2.1354470252990723
DEBUG:root:each movie's lapTime : 2.0690648555755615
DEBUG:root:each movie's lapTime : 6.509796142578125
DEBUG:root:each movie's lapTime : 3.5446860790252686
DEBUG:root:each movie's lapTime : 2.2792818546295166
DEBUG:root:each movie's lapTime : 1.6700971126556396
DEBUG:root:each movie's lapTime : 3.3403561115264893
DEBUG:root:each movie's lapTime : 3.665787935256958
DEBUG:root:each movie's lapTime : 2.0400350093841553
DEBUG:root:each movie's lapTime : 2.4487760066986084
DEBUG:root:each movie's lapTime : 2.508870840072632
DEBUG:root:each movie's lapTime : 1.8970668315887451
DEBUG:root:each movie's lapTime : 2.0532329082489014
DEBUG:root:each movie's lapTime : 10.583500862121582
DEBUG:root:each movie's lapTime : 2.395303964614868
DEBUG:root:each movie's lapTime : 2.0609750747680664
DEBUG:root:each movie's lapTime : 1.9958701133728027
DEBUG:root:each movie's lapTime : 2.5221681594848633
DEBUG:root:each movie's lapTime : 3.527218818664551
DEBUG:root:each movie's lapTime : 2.9531567096710205
DEBUG:root:each movie's lapTime : 2.9297549724578857
DEBUG:root:each movie's lapTime : 3.378074884414673
DEBUG:root:each movie's lapTime : 2.343411922454834
DEBUG:root:each movie's lapTime : 2.116089105606079
DEBUG:root:each movie's lapTime : 2.951906681060791
DEBUG:root:each movie's lapTime : 4.843415975570679
DEBUG:root:each movie's lapTime : 6.949883222579956
DEBUG:root:each movie's lapTime : 2.2265419960021973
DEBUG:root:each movie's lapTime : 2.110157012939453
DEBUG:root:each movie's lapTime : 2.167505979537964
DEBUG:root:each movie's lapTime : 3.2173068523406982
DEBUG:root:each movie's lapTime : 5.999234676361084
DEBUG:root:each movie's lapTime : 2.09523606300354
DEBUG:root:each movie's lapTime : 2.091038942337036
DEBUG:root:each movie's lapTime : 2.1469240188598633
DEBUG:root:each movie's lapTime : 1.998405933380127
DEBUG:root:each movie's lapTime : 4.4512529373168945
DEBUG:root:each movie's lapTime : 2.3246679306030273
DEBUG:root:each movie's lapTime : 5.7519049644470215
DEBUG:root:each movie's lapTime : 2.0869481563568115
DEBUG:root:each movie's lapTime : 2.2586193084716797
DEBUG:root:each movie's lapTime : 2.297106981277466
DEBUG:root:each movie's lapTime : 2.568681001663208
DEBUG:root:each movie's lapTime : 3.2385871410369873
DEBUG:root:each movie's lapTime : 4.9894537925720215
DEBUG:root:each movie's lapTime : 6.4023590087890625
DEBUG:root:each movie's lapTime : 2.0925827026367188
DEBUG:root:each movie's lapTime : 2.404646158218384
DEBUG:root:each movie's lapTime : 3.540044069290161
DEBUG:root:each movie's lapTime : 3.319617986679077
DEBUG:root:each movie's lapTime : 2.1012392044067383
DEBUG:root:each movie's lapTime : 4.92610502243042
DEBUG:root:each movie's lapTime : 2.1902730464935303
DEBUG:root:each movie's lapTime : 3.0273232460021973
DEBUG:root:each movie's lapTime : 2.484985828399658
DEBUG:root:each movie's lapTime : 2.555055856704712
DEBUG:root:each movie's lapTime : 2.3656959533691406
DEBUG:root:each movie's lapTime : 3.3683981895446777
DEBUG:root:each movie's lapTime : 1.9583258628845215
DEBUG:root:each movie's lapTime : 2.0021350383758545
ERROR:root:HTTP Error 403: Forbidden
Traceback (most recent call last):
  File "/Users/admin/Movie_DataMiner/boxofficemojo.com/Box Office Mojo_Scraping code.py", line 312, in get_all_movies
    arrData = get_movie_detail(movies_list, link, arrData)
  File "/Users/admin/Movie_DataMiner/boxofficemojo.com/Box Office Mojo_Scraping code.py", line 209, in get_movie_detail
    page = urlopen(url)
  File "/Library/Frameworks/Python.framework/Versions/3.6/lib/python3.6/urllib/request.py", line 223, in urlopen
    return opener.open(url, data, timeout)
  File "/Library/Frameworks/Python.framework/Versions/3.6/lib/python3.6/urllib/request.py", line 532, in open
    response = meth(req, response)
  File "/Library/Frameworks/Python.framework/Versions/3.6/lib/python3.6/urllib/request.py", line 642, in http_response
    'http', request, response, code, msg, hdrs)
  File "/Library/Frameworks/Python.framework/Versions/3.6/lib/python3.6/urllib/request.py", line 570, in error
    return self._call_chain(*args)
  File "/Library/Frameworks/Python.framework/Versions/3.6/lib/python3.6/urllib/request.py", line 504, in _call_chain
    result = func(*args)
  File "/Library/Frameworks/Python.framework/Versions/3.6/lib/python3.6/urllib/request.py", line 650, in http_error_default
    raise HTTPError(req.full_url, code, msg, hdrs, fp)
urllib.error.HTTPError: HTTP Error 403: Forbidden
DEBUG:root:begin to scrap letter : B, page : 3
DEBUG:root:each movie's lapTime : 2.509453773498535
DEBUG:root:each movie's lapTime : 6.2762451171875
DEBUG:root:each movie's lapTime : 2.2154669761657715
DEBUG:root:each movie's lapTime : 3.0839991569519043
DEBUG:root:each movie's lapTime : 2.254531145095825
DEBUG:root:each movie's lapTime : 2.2878031730651855
DEBUG:root:each movie's lapTime : 4.226985931396484
DEBUG:root:each movie's lapTime : 1.9825682640075684
DEBUG:root:each movie's lapTime : 2.175971031188965
DEBUG:root:each movie's lapTime : 2.1400461196899414
DEBUG:root:each movie's lapTime : 2.094545841217041
DEBUG:root:each movie's lapTime : 3.0083491802215576
DEBUG:root:each movie's lapTime : 16.498975038528442
DEBUG:root:each movie's lapTime : 2.3597049713134766
DEBUG:root:each movie's lapTime : 2.1719820499420166
DEBUG:root:each movie's lapTime : 2.410123109817505
DEBUG:root:each movie's lapTime : 2.243972063064575
DEBUG:root:each movie's lapTime : 2.0741019248962402
DEBUG:root:each movie's lapTime : 4.34151816368103
DEBUG:root:each movie's lapTime : 1.593782901763916
DEBUG:root:each movie's lapTime : 2.9639620780944824
DEBUG:root:each movie's lapTime : 2.2816059589385986
DEBUG:root:each movie's lapTime : 4.643543243408203
DEBUG:root:each movie's lapTime : 3.2574100494384766
DEBUG:root:each movie's lapTime : 2.3047239780426025
DEBUG:root:each movie's lapTime : 2.180785894393921
DEBUG:root:each movie's lapTime : 2.099919080734253
DEBUG:root:each movie's lapTime : 2.080587148666382
DEBUG:root:each movie's lapTime : 4.54585599899292
DEBUG:root:each movie's lapTime : 2.275438070297241
DEBUG:root:each movie's lapTime : 2.0584168434143066
DEBUG:root:each movie's lapTime : 1.971653938293457
DEBUG:root:each movie's lapTime : 3.165170907974243
DEBUG:root:each movie's lapTime : 8.505210876464844
DEBUG:root:each movie's lapTime : 4.022086143493652
DEBUG:root:each movie's lapTime : 1.9942829608917236
DEBUG:root:each movie's lapTime : 3.8362679481506348
DEBUG:root:each movie's lapTime : 2.2805707454681396
DEBUG:root:each movie's lapTime : 2.4142649173736572
DEBUG:root:each movie's lapTime : 2.53804087638855
DEBUG:root:each movie's lapTime : 1.866882085800171
DEBUG:root:each movie's lapTime : 2.654384136199951
DEBUG:root:each movie's lapTime : 2.1374459266662598
DEBUG:root:each movie's lapTime : 1.9781768321990967
DEBUG:root:each movie's lapTime : 2.0365829467773438
DEBUG:root:each movie's lapTime : 3.2836809158325195
DEBUG:root:each movie's lapTime : 3.1963582038879395
DEBUG:root:each movie's lapTime : 4.677165985107422
DEBUG:root:each movie's lapTime : 2.089505910873413
DEBUG:root:each movie's lapTime : 2.0614829063415527
DEBUG:root:each movie's lapTime : 2.1464340686798096
DEBUG:root:each movie's lapTime : 2.085899829864502
DEBUG:root:each movie's lapTime : 2.3120269775390625
DEBUG:root:each movie's lapTime : 1.9978041648864746
DEBUG:root:each movie's lapTime : 3.5092239379882812
DEBUG:root:each movie's lapTime : 3.0290791988372803
DEBUG:root:each movie's lapTime : 5.15521502494812
DEBUG:root:each movie's lapTime : 2.7813827991485596
DEBUG:root:each movie's lapTime : 3.2635550498962402
DEBUG:root:each movie's lapTime : 3.2057430744171143
DEBUG:root:each movie's lapTime : 2.1558499336242676
DEBUG:root:each movie's lapTime : 3.0555620193481445
DEBUG:root:each movie's lapTime : 3.7262232303619385
DEBUG:root:each movie's lapTime : 5.874442100524902
DEBUG:root:each movie's lapTime : 3.2363810539245605
DEBUG:root:each movie's lapTime : 3.5843019485473633
DEBUG:root:each movie's lapTime : 2.3377530574798584
DEBUG:root:each movie's lapTime : 2.127434015274048
DEBUG:root:each movie's lapTime : 2.128850221633911
DEBUG:root:each movie's lapTime : 1.6033737659454346
DEBUG:root:each movie's lapTime : 2.1535980701446533
DEBUG:root:each movie's lapTime : 2.1558096408843994
DEBUG:root:each movie's lapTime : 4.753528118133545
DEBUG:root:each movie's lapTime : 2.2603330612182617
DEBUG:root:each movie's lapTime : 2.331439733505249
DEBUG:root:each movie's lapTime : 2.0218820571899414
DEBUG:root:each movie's lapTime : 3.448498010635376
DEBUG:root:each movie's lapTime : 2.1120901107788086
DEBUG:root:each movie's lapTime : 2.167255163192749
DEBUG:root:each movie's lapTime : 2.055464267730713
DEBUG:root:each movie's lapTime : 2.003110885620117
DEBUG:root:each movie's lapTime : 5.615908861160278
DEBUG:root:each movie's lapTime : 5.720882892608643
DEBUG:root:each movie's lapTime : 2.6200411319732666
DEBUG:root:each movie's lapTime : 2.3715271949768066
DEBUG:root:each movie's lapTime : 2.095902919769287
DEBUG:root:each movie's lapTime : 3.6396987438201904
DEBUG:root:each movie's lapTime : 2.486124038696289
DEBUG:root:each movie's lapTime : 2.1120738983154297
DEBUG:root:each movie's lapTime : 3.68469500541687
DEBUG:root:each movie's lapTime : 2.3260443210601807
DEBUG:root:each movie's lapTime : 5.982007026672363
DEBUG:root:each movie's lapTime : 2.089472770690918
DEBUG:root:each movie's lapTime : 3.341808795928955
DEBUG:root:each movie's lapTime : 2.042512893676758
DEBUG:root:each movie's lapTime : 2.7120649814605713
DEBUG:root:each movie's lapTime : 5.357746839523315
DEBUG:root:each movie's lapTime : 5.152179956436157
DEBUG:root:each movie's lapTime : 2.1088340282440186
DEBUG:root:each movie's lapTime : 2.136481761932373
DEBUG:root:each movie's lapTime : 2.315011739730835
DEBUG:root:each movie's lapTime : 2.3577589988708496
DEBUG:root:each movie's lapTime : 2.262700080871582
DEBUG:root:each movie's lapTime : 6.121044874191284
DEBUG:root:each movie's lapTime : 2.017998218536377
DEBUG:root:each movie's lapTime : 3.434431791305542
DEBUG:root:each movie's lapTime : 2.464789867401123
DEBUG:root:each movie's lapTime : 3.0473227500915527
DEBUG:root:each movie's lapTime : 2.038557767868042
DEBUG:root:each movie's lapTime : 6.364648103713989
DEBUG:root:each movie's lapTime : 3.5264840126037598
DEBUG:root:each movie's lapTime : 2.119148015975952
DEBUG:root:each movie's lapTime : 1.6492061614990234
DEBUG:root:each movie's lapTime : 4.715743064880371
DEBUG:root:each movie's lapTime : 3.0138320922851562
DEBUG:root:each movie's lapTime : 3.997047185897827
DEBUG:root:each movie's lapTime : 2.0763137340545654
DEBUG:root:each movie's lapTime : 2.1646618843078613
DEBUG:root:each movie's lapTime : 2.9721457958221436
DEBUG:root:each movie's lapTime : 3.2271909713745117
DEBUG:root:each movie's lapTime : 2.2341861724853516
DEBUG:root:each movie's lapTime : 6.0826849937438965
DEBUG:root:each movie's lapTime : 2.671830654144287
DEBUG:root:each movie's lapTime : 3.349100112915039
DEBUG:root:each movie's lapTime : 2.039813756942749
DEBUG:root:each movie's lapTime : 2.3709099292755127
DEBUG:root:each movie's lapTime : 3.0358710289001465
DEBUG:root:each movie's lapTime : 1.6969878673553467
DEBUG:root:each movie's lapTime : 2.401097059249878
DEBUG:root:each movie's lapTime : 3.9217472076416016
DEBUG:root:each movie's lapTime : 3.071443796157837
DEBUG:root:each movie's lapTime : 2.0678162574768066
DEBUG:root:each movie's lapTime : 3.3026161193847656
DEBUG:root:each movie's lapTime : 1.6869421005249023
DEBUG:root:each movie's lapTime : 3.3439528942108154
DEBUG:root:each movie's lapTime : 2.07092022895813
DEBUG:root:each movie's lapTime : 2.0832388401031494
DEBUG:root:each movie's lapTime : 2.282120943069458
DEBUG:root:each movie's lapTime : 2.554023265838623
DEBUG:root:begin to scrap letter : B, page : 4
DEBUG:root:each movie's lapTime : 2.1108601093292236
DEBUG:root:each movie's lapTime : 3.2515697479248047
DEBUG:root:each movie's lapTime : 3.28962779045105
DEBUG:root:each movie's lapTime : 5.646859169006348
DEBUG:root:each movie's lapTime : 4.789967775344849
DEBUG:root:each movie's lapTime : 2.4729230403900146
DEBUG:root:each movie's lapTime : 1.5868721008300781
DEBUG:root:each movie's lapTime : 2.117443084716797
DEBUG:root:each movie's lapTime : 6.6633288860321045
DEBUG:root:each movie's lapTime : 4.89738392829895
DEBUG:root:each movie's lapTime : 5.859349966049194
DEBUG:root:each movie's lapTime : 2.6269381046295166
DEBUG:root:each movie's lapTime : 2.326145887374878
DEBUG:root:each movie's lapTime : 2.1466610431671143
DEBUG:root:each movie's lapTime : 2.1402230262756348
DEBUG:root:each movie's lapTime : 1.9724438190460205
DEBUG:root:each movie's lapTime : 3.261018991470337
DEBUG:root:each movie's lapTime : 2.197345018386841
DEBUG:root:each movie's lapTime : 1.62965989112854
DEBUG:root:each movie's lapTime : 2.3721518516540527
DEBUG:root:each movie's lapTime : 4.1924169063568115
DEBUG:root:each movie's lapTime : 1.9507598876953125
DEBUG:root:each movie's lapTime : 3.5578479766845703
DEBUG:root:each movie's lapTime : 3.044060230255127
DEBUG:root:each movie's lapTime : 4.451423168182373
DEBUG:root:each movie's lapTime : 5.575578212738037
DEBUG:root:each movie's lapTime : 2.041661024093628
DEBUG:root:each movie's lapTime : 4.419854164123535
DEBUG:root:each movie's lapTime : 4.545407056808472
DEBUG:root:each movie's lapTime : 2.303635835647583
DEBUG:root:each movie's lapTime : 2.098629951477051
DEBUG:root:each movie's lapTime : 3.3249218463897705
DEBUG:root:each movie's lapTime : 2.2031521797180176
DEBUG:root:each movie's lapTime : 3.0087430477142334
DEBUG:root:each movie's lapTime : 2.196960926055908
DEBUG:root:each movie's lapTime : 3.1934871673583984
DEBUG:root:each movie's lapTime : 5.701146841049194
DEBUG:root:each movie's lapTime : 3.225666046142578
DEBUG:root:each movie's lapTime : 2.279453754425049
DEBUG:root:each movie's lapTime : 4.0623862743377686
DEBUG:root:each movie's lapTime : 2.257115125656128
DEBUG:root:each movie's lapTime : 1.9908387660980225
DEBUG:root:each movie's lapTime : 4.473132848739624
DEBUG:root:each movie's lapTime : 3.3576951026916504
DEBUG:root:each movie's lapTime : 1.606703758239746
DEBUG:root:each movie's lapTime : 3.301168918609619
DEBUG:root:each movie's lapTime : 2.0929789543151855
DEBUG:root:each movie's lapTime : 2.030898094177246
DEBUG:root:each movie's lapTime : 2.0728139877319336
DEBUG:root:each movie's lapTime : 4.532051086425781
DEBUG:root:each movie's lapTime : 2.0317530632019043
DEBUG:root:each movie's lapTime : 2.196796178817749
DEBUG:root:each movie's lapTime : 3.1282849311828613
DEBUG:root:each movie's lapTime : 2.018599033355713
DEBUG:root:each movie's lapTime : 2.17341685295105
DEBUG:root:each movie's lapTime : 2.0780551433563232
DEBUG:root:each movie's lapTime : 2.077601909637451
DEBUG:root:each movie's lapTime : 2.337596893310547
DEBUG:root:each movie's lapTime : 2.2174010276794434
DEBUG:root:each movie's lapTime : 2.6142828464508057
DEBUG:root:each movie's lapTime : 5.378582000732422
DEBUG:root:each movie's lapTime : 2.168377161026001
DEBUG:root:each movie's lapTime : 3.3677990436553955
DEBUG:root:each movie's lapTime : 2.1966702938079834
DEBUG:root:each movie's lapTime : 4.1933441162109375
DEBUG:root:each movie's lapTime : 2.19832706451416
DEBUG:root:each movie's lapTime : 2.6416618824005127
DEBUG:root:each movie's lapTime : 2.4004759788513184
DEBUG:root:each movie's lapTime : 3.305866003036499
DEBUG:root:each movie's lapTime : 2.7424137592315674
DEBUG:root:each movie's lapTime : 2.0485970973968506
DEBUG:root:each movie's lapTime : 2.3041510581970215
DEBUG:root:each movie's lapTime : 4.20093297958374
DEBUG:root:each movie's lapTime : 2.844740152359009
DEBUG:root:each movie's lapTime : 5.075897216796875
DEBUG:root:each movie's lapTime : 2.581819772720337
DEBUG:root:each movie's lapTime : 3.777858018875122
DEBUG:root:each movie's lapTime : 2.0072927474975586
DEBUG:root:each movie's lapTime : 6.3963799476623535
DEBUG:root:each movie's lapTime : 3.6341519355773926
DEBUG:root:each movie's lapTime : 2.0106899738311768
DEBUG:root:each movie's lapTime : 5.571014165878296
DEBUG:root:each movie's lapTime : 2.1320252418518066
DEBUG:root:each movie's lapTime : 4.294352293014526
DEBUG:root:each movie's lapTime : 2.056298017501831
DEBUG:root:each movie's lapTime : 2.009084939956665
DEBUG:root:each movie's lapTime : 3.025496006011963
DEBUG:root:each movie's lapTime : 2.0333070755004883
DEBUG:root:each movie's lapTime : 1.5769457817077637
DEBUG:root:each movie's lapTime : 2.2892420291900635
DEBUG:root:each movie's lapTime : 1.616250991821289
DEBUG:root:each movie's lapTime : 4.119778156280518
DEBUG:root:each movie's lapTime : 4.595928907394409
DEBUG:root:each movie's lapTime : 2.3294079303741455
DEBUG:root:each movie's lapTime : 3.5839710235595703
DEBUG:root:each movie's lapTime : 2.1144587993621826
DEBUG:root:each movie's lapTime : 2.1786880493164062
DEBUG:root:each movie's lapTime : 2.320675849914551
DEBUG:root:each movie's lapTime : 2.111398935317993
DEBUG:root:each movie's lapTime : 2.316154956817627
DEBUG:root:each movie's lapTime : 2.119170904159546
DEBUG:root:each movie's lapTime : 3.223367214202881
DEBUG:root:each movie's lapTime : 2.1437649726867676
DEBUG:root:each movie's lapTime : 2.639512777328491
DEBUG:root:each movie's lapTime : 5.843183755874634
DEBUG:root:each movie's lapTime : 3.4924449920654297
DEBUG:root:each movie's lapTime : 4.870794057846069
DEBUG:root:each movie's lapTime : 1.991642713546753
DEBUG:root:each movie's lapTime : 1.8306992053985596
DEBUG:root:each movie's lapTime : 2.1050360202789307
DEBUG:root:each movie's lapTime : 2.130262613296509
DEBUG:root:each movie's lapTime : 2.168733835220337
DEBUG:root:each movie's lapTime : 3.080657958984375
DEBUG:root:each movie's lapTime : 1.9850149154663086
DEBUG:root:each movie's lapTime : 3.6263856887817383
DEBUG:root:each movie's lapTime : 2.42248797416687
DEBUG:root:each movie's lapTime : 1.9781999588012695
DEBUG:root:each movie's lapTime : 2.216398000717163
DEBUG:root:each movie's lapTime : 2.313647985458374
DEBUG:root:each movie's lapTime : 2.0346622467041016
DEBUG:root:each movie's lapTime : 4.6727588176727295
DEBUG:root:each movie's lapTime : 6.276698112487793
DEBUG:root:each movie's lapTime : 4.890488862991333
DEBUG:root:each movie's lapTime : 2.589754104614258
DEBUG:root:each movie's lapTime : 3.3120169639587402
DEBUG:root:each movie's lapTime : 2.1674468517303467
DEBUG:root:each movie's lapTime : 3.191955089569092
DEBUG:root:each movie's lapTime : 1.6219708919525146
DEBUG:root:each movie's lapTime : 2.0764050483703613
DEBUG:root:each movie's lapTime : 4.201701879501343
DEBUG:root:each movie's lapTime : 2.101044178009033
DEBUG:root:each movie's lapTime : 3.6658148765563965
DEBUG:root:each movie's lapTime : 3.4721858501434326
DEBUG:root:each movie's lapTime : 3.3375842571258545
DEBUG:root:each movie's lapTime : 3.2803709506988525
DEBUG:root:each movie's lapTime : 3.447784185409546
DEBUG:root:each movie's lapTime : 2.080764055252075
DEBUG:root:each movie's lapTime : 2.0958242416381836
DEBUG:root:each movie's lapTime : 4.322988033294678
DEBUG:root:each movie's lapTime : 1.5839018821716309
DEBUG:root:each movie's lapTime : 3.269667863845825
DEBUG:root:each movie's lapTime : 4.420377016067505
DEBUG:root:each movie's lapTime : 1.9930369853973389
DEBUG:root:each movie's lapTime : 2.0593481063842773
DEBUG:root:each movie's lapTime : 2.1722381114959717
DEBUG:root:each movie's lapTime : 2.3255040645599365
DEBUG:root:each movie's lapTime : 2.101361036300659
DEBUG:root:each movie's lapTime : 2.079108715057373
DEBUG:root:each movie's lapTime : 2.6175339221954346
DEBUG:root:each movie's lapTime : 3.0268023014068604
DEBUG:root:each movie's lapTime : 2.1223948001861572
DEBUG:root:each movie's lapTime : 3.4776108264923096
DEBUG:root:each movie's lapTime : 3.409398078918457
DEBUG:root:each movie's lapTime : 2.3256070613861084
DEBUG:root:each movie's lapTime : 2.079655170440674
DEBUG:root:each movie's lapTime : 5.24273419380188
DEBUG:root:each movie's lapTime : 2.215358018875122
DEBUG:root:each movie's lapTime : 2.0533230304718018
DEBUG:root:each movie's lapTime : 2.1965441703796387
DEBUG:root:each movie's lapTime : 3.795423984527588
DEBUG:root:each movie's lapTime : 3.601573944091797
DEBUG:root:each movie's lapTime : 4.854120969772339
DEBUG:root:each movie's lapTime : 4.960248947143555
DEBUG:root:each movie's lapTime : 2.072842836380005
DEBUG:root:each movie's lapTime : 3.441531181335449
DEBUG:root:each movie's lapTime : 2.0793330669403076
DEBUG:root:each movie's lapTime : 3.083818197250366
DEBUG:root:each movie's lapTime : 3.2202329635620117
DEBUG:root:each movie's lapTime : 4.054471969604492
DEBUG:root:each movie's lapTime : 4.787172794342041
DEBUG:root:each movie's lapTime : 2.21766996383667
DEBUG:root:each movie's lapTime : 1.9555552005767822
DEBUG:root:each movie's lapTime : 2.014410972595215
DEBUG:root:each movie's lapTime : 2.4121389389038086
DEBUG:root:each movie's lapTime : 5.500273704528809
DEBUG:root:each movie's lapTime : 3.6701853275299072
DEBUG:root:each movie's lapTime : 3.91902494430542
DEBUG:root:each movie's lapTime : 2.601630926132202
DEBUG:root:each movie's lapTime : 2.137526035308838
DEBUG:root:each movie's lapTime : 4.992358922958374
DEBUG:root:each movie's lapTime : 2.2245781421661377
DEBUG:root:each movie's lapTime : 2.406085968017578
DEBUG:root:each movie's lapTime : 2.023143768310547
DEBUG:root:each movie's lapTime : 3.0293779373168945
DEBUG:root:each movie's lapTime : 2.1609561443328857
DEBUG:root:each movie's lapTime : 2.0652856826782227
DEBUG:root:each movie's lapTime : 2.0393240451812744
DEBUG:root:each movie's lapTime : 2.427489995956421
DEBUG:root:each movie's lapTime : 2.0796878337860107
DEBUG:root:each movie's lapTime : 2.3721258640289307
DEBUG:root:each movie's lapTime : 2.0544350147247314
DEBUG:root:each movie's lapTime : 2.1296777725219727
DEBUG:root:each movie's lapTime : 2.096444845199585
DEBUG:root:each movie's lapTime : 3.3538241386413574
DEBUG:root:each movie's lapTime : 2.1209821701049805
DEBUG:root:each movie's lapTime : 4.863831996917725
DEBUG:root:begin to scrap letter : B, page : 5
DEBUG:root:each movie's lapTime : 3.225159168243408
DEBUG:root:each movie's lapTime : 3.1591808795928955
DEBUG:root:each movie's lapTime : 3.2526299953460693
DEBUG:root:each movie's lapTime : 3.8441689014434814
DEBUG:root:each movie's lapTime : 2.2747042179107666
DEBUG:root:each movie's lapTime : 3.3678719997406006
DEBUG:root:each movie's lapTime : 1.597074031829834
DEBUG:root:each movie's lapTime : 2.3805177211761475
DEBUG:root:each movie's lapTime : 2.0844640731811523
DEBUG:root:each movie's lapTime : 1.9997990131378174
DEBUG:root:each movie's lapTime : 2.138302803039551
DEBUG:root:each movie's lapTime : 2.108090877532959
DEBUG:root:each movie's lapTime : 2.1622519493103027
DEBUG:root:each movie's lapTime : 3.526710033416748
DEBUG:root:each movie's lapTime : 2.050924062728882
DEBUG:root:each movie's lapTime : 2.0271849632263184
DEBUG:root:each movie's lapTime : 3.516124725341797
DEBUG:root:each movie's lapTime : 3.2395761013031006
DEBUG:root:each movie's lapTime : 2.6441330909729004
DEBUG:root:each movie's lapTime : 2.0961830615997314
DEBUG:root:each movie's lapTime : 2.993661880493164
DEBUG:root:each movie's lapTime : 6.296072244644165
DEBUG:root:each movie's lapTime : 3.455566167831421
DEBUG:root:each movie's lapTime : 3.0336639881134033
DEBUG:root:each movie's lapTime : 2.235970973968506
DEBUG:root:each movie's lapTime : 2.5190889835357666
DEBUG:root:each movie's lapTime : 1.994217872619629
DEBUG:root:each movie's lapTime : 3.109650135040283
DEBUG:root:each movie's lapTime : 2.142594814300537
DEBUG:root:each movie's lapTime : 1.6424188613891602
DEBUG:root:each movie's lapTime : 3.2570621967315674
DEBUG:root:each movie's lapTime : 3.036998987197876
DEBUG:root:each movie's lapTime : 2.165564775466919
DEBUG:root:each movie's lapTime : 2.341468095779419
DEBUG:root:each movie's lapTime : 2.1591269969940186
DEBUG:root:each movie's lapTime : 3.128602981567383
DEBUG:root:each movie's lapTime : 3.0712697505950928
DEBUG:root:each movie's lapTime : 4.771655797958374
DEBUG:root:each movie's lapTime : 2.272162914276123
DEBUG:root:each movie's lapTime : 1.9912781715393066
DEBUG:root:each movie's lapTime : 3.223459005355835
DEBUG:root:each movie's lapTime : 1.9969379901885986
DEBUG:root:each movie's lapTime : 2.357332944869995
DEBUG:root:each movie's lapTime : 3.520195245742798
DEBUG:root:each movie's lapTime : 2.1055281162261963
DEBUG:root:each movie's lapTime : 3.8693628311157227
DEBUG:root:each movie's lapTime : 3.3087639808654785
DEBUG:root:each movie's lapTime : 2.2805471420288086
DEBUG:root:each movie's lapTime : 2.3876709938049316
DEBUG:root:each movie's lapTime : 2.3196349143981934
DEBUG:root:each movie's lapTime : 2.11126708984375
DEBUG:root:each movie's lapTime : 2.078108310699463
DEBUG:root:each movie's lapTime : 3.0197598934173584
DEBUG:root:each movie's lapTime : 3.5811541080474854
DEBUG:root:each movie's lapTime : 3.1435587406158447
DEBUG:root:each movie's lapTime : 2.000877857208252
DEBUG:root:each movie's lapTime : 2.624851942062378
DEBUG:root:each movie's lapTime : 3.2283358573913574
DEBUG:root:each movie's lapTime : 4.992972135543823
DEBUG:root:each movie's lapTime : 8.609744310379028
DEBUG:root:each movie's lapTime : 2.9613451957702637
DEBUG:root:each movie's lapTime : 2.170185089111328
DEBUG:root:each movie's lapTime : 3.7099320888519287
DEBUG:root:each movie's lapTime : 2.6717329025268555
DEBUG:root:each movie's lapTime : 1.9985499382019043
DEBUG:root:each movie's lapTime : 2.0955262184143066
DEBUG:root:each movie's lapTime : 3.386305093765259
DEBUG:root:each movie's lapTime : 1.6557989120483398
DEBUG:root:each movie's lapTime : 3.018768072128296
DEBUG:root:each movie's lapTime : 3.472205638885498
DEBUG:root:each movie's lapTime : 2.3211090564727783
DEBUG:root:each movie's lapTime : 4.0033860206604
DEBUG:root:each movie's lapTime : 2.2722280025482178
DEBUG:root:each movie's lapTime : 2.1235551834106445
DEBUG:root:each movie's lapTime : 4.245747804641724
DEBUG:root:each movie's lapTime : 2.2986040115356445
DEBUG:root:each movie's lapTime : 2.3546059131622314
DEBUG:root:each movie's lapTime : 3.2469940185546875
DEBUG:root:each movie's lapTime : 2.021453857421875
DEBUG:root:each movie's lapTime : 2.1116349697113037
DEBUG:root:each movie's lapTime : 2.173962116241455
DEBUG:root:each movie's lapTime : 3.153927803039551
DEBUG:root:each movie's lapTime : 3.0956501960754395
DEBUG:root:each movie's lapTime : 2.160707950592041
DEBUG:root:each movie's lapTime : 2.5589370727539062
DEBUG:root:each movie's lapTime : 2.305438995361328
DEBUG:root:each movie's lapTime : 2.257849931716919
DEBUG:root:each movie's lapTime : 2.1375229358673096
DEBUG:root:each movie's lapTime : 2.051194906234741
DEBUG:root:each movie's lapTime : 2.370828151702881
DEBUG:root:each movie's lapTime : 2.132194995880127
DEBUG:root:each movie's lapTime : 2.153286933898926
DEBUG:root:each movie's lapTime : 2.2523436546325684
DEBUG:root:each movie's lapTime : 3.0051381587982178
DEBUG:root:each movie's lapTime : 5.233015060424805
DEBUG:root:each movie's lapTime : 2.0917751789093018
DEBUG:root:each movie's lapTime : 2.2199888229370117
DEBUG:root:each movie's lapTime : 2.6703481674194336
DEBUG:root:each movie's lapTime : 3.133469820022583
DEBUG:root:each movie's lapTime : 6.149539947509766
DEBUG:root:each movie's lapTime : 2.2147152423858643
DEBUG:root:each movie's lapTime : 3.069066047668457
DEBUG:root:each movie's lapTime : 2.0455360412597656
DEBUG:root:each movie's lapTime : 3.17979097366333
DEBUG:root:each movie's lapTime : 2.3936009407043457
DEBUG:root:each movie's lapTime : 1.824594259262085
DEBUG:root:each movie's lapTime : 2.7482430934906006
DEBUG:root:each movie's lapTime : 8.59783124923706
DEBUG:root:each movie's lapTime : 2.0576179027557373
DEBUG:root:each movie's lapTime : 2.1275060176849365
DEBUG:root:each movie's lapTime : 3.0679330825805664
DEBUG:root:each movie's lapTime : 3.584488868713379
DEBUG:root:each movie's lapTime : 6.739120244979858
DEBUG:root:each movie's lapTime : 6.233637809753418
DEBUG:root:each movie's lapTime : 2.70412278175354
DEBUG:root:each movie's lapTime : 2.424337148666382
DEBUG:root:each movie's lapTime : 2.0814309120178223
DEBUG:root:each movie's lapTime : 3.223651170730591
DEBUG:root:each movie's lapTime : 3.0030970573425293
DEBUG:root:each movie's lapTime : 2.0910468101501465
DEBUG:root:each movie's lapTime : 2.105090856552124
DEBUG:root:each movie's lapTime : 5.328519821166992
DEBUG:root:each movie's lapTime : 3.328155755996704
DEBUG:root:each movie's lapTime : 3.4900121688842773
DEBUG:root:each movie's lapTime : 4.237699747085571
DEBUG:root:each movie's lapTime : 3.0644161701202393
DEBUG:root:each movie's lapTime : 4.747578859329224
DEBUG:root:each movie's lapTime : 3.442797899246216
DEBUG:root:each movie's lapTime : 3.5050711631774902
DEBUG:root:each movie's lapTime : 2.5566210746765137
DEBUG:root:each movie's lapTime : 4.917062044143677
DEBUG:root:each movie's lapTime : 3.205177068710327
DEBUG:root:each movie's lapTime : 2.9424760341644287
DEBUG:root:each movie's lapTime : 3.3358399868011475
DEBUG:root:each movie's lapTime : 2.0776240825653076
DEBUG:root:each movie's lapTime : 2.060457944869995
DEBUG:root:each movie's lapTime : 3.5769121646881104
DEBUG:root:each movie's lapTime : 2.2899341583251953
DEBUG:root:each movie's lapTime : 6.1264989376068115
DEBUG:root:each movie's lapTime : 7.064791202545166
DEBUG:root:each movie's lapTime : 3.3469488620758057
DEBUG:root:each movie's lapTime : 2.3535289764404297
DEBUG:root:each movie's lapTime : 2.097604274749756
DEBUG:root:each movie's lapTime : 2.137990951538086
DEBUG:root:each movie's lapTime : 5.282739877700806
DEBUG:root:each movie's lapTime : 2.045670986175537
DEBUG:root:each movie's lapTime : 2.1299960613250732
DEBUG:root:each movie's lapTime : 2.527841091156006
DEBUG:root:each movie's lapTime : 2.100175142288208
DEBUG:root:each movie's lapTime : 2.4217910766601562
DEBUG:root:each movie's lapTime : 2.0636558532714844
DEBUG:root:each movie's lapTime : 2.025491952896118
DEBUG:root:each movie's lapTime : 2.0997841358184814
DEBUG:root:each movie's lapTime : 2.507552146911621
DEBUG:root:each movie's lapTime : 2.306190013885498
DEBUG:root:each movie's lapTime : 2.130300760269165
DEBUG:root:each movie's lapTime : 2.2338201999664307
DEBUG:root:each movie's lapTime : 2.279283046722412
DEBUG:root:each movie's lapTime : 5.135927200317383
DEBUG:root:each movie's lapTime : 3.359814167022705
DEBUG:root:each movie's lapTime : 2.100083112716675
DEBUG:root:each movie's lapTime : 6.087610960006714
DEBUG:root:each movie's lapTime : 5.596292734146118
DEBUG:root:each movie's lapTime : 2.1642000675201416
DEBUG:root:each movie's lapTime : 2.057464122772217
DEBUG:root:each movie's lapTime : 2.1233339309692383
DEBUG:root:each movie's lapTime : 5.758716344833374
DEBUG:root:each movie's lapTime : 3.4875597953796387
DEBUG:root:each movie's lapTime : 2.0964558124542236
DEBUG:root:each movie's lapTime : 2.01698899269104
DEBUG:root:each movie's lapTime : 2.169703960418701
DEBUG:root:each movie's lapTime : 2.062885284423828
DEBUG:root:begin to scrap letter : B, page : 6
DEBUG:root:each movie's lapTime : 3.7128751277923584
DEBUG:root:each movie's lapTime : 1.6413092613220215
DEBUG:root:each movie's lapTime : 2.135481119155884
DEBUG:root:each movie's lapTime : 2.081712007522583
DEBUG:root:each movie's lapTime : 2.511023759841919
DEBUG:root:each movie's lapTime : 4.572810888290405
DEBUG:root:each movie's lapTime : 4.62752890586853
DEBUG:root:each movie's lapTime : 2.1098129749298096
DEBUG:root:each movie's lapTime : 2.045121908187866
DEBUG:root:each movie's lapTime : 2.193748950958252
DEBUG:root:each movie's lapTime : 2.2029471397399902
DEBUG:root:each movie's lapTime : 2.0943448543548584
DEBUG:root:each movie's lapTime : 1.928722858428955
DEBUG:root:each movie's lapTime : 2.425028085708618
DEBUG:root:each movie's lapTime : 2.3020951747894287
DEBUG:root:each movie's lapTime : 2.3743910789489746
DEBUG:root:each movie's lapTime : 2.099885940551758
DEBUG:root:each movie's lapTime : 2.050151824951172
DEBUG:root:each movie's lapTime : 2.98081111907959
DEBUG:root:each movie's lapTime : 2.1752641201019287
DEBUG:root:each movie's lapTime : 1.9852838516235352
DEBUG:root:each movie's lapTime : 4.740211009979248
DEBUG:root:each movie's lapTime : 5.388828992843628
DEBUG:root:each movie's lapTime : 2.0813632011413574
DEBUG:root:each movie's lapTime : 3.9995980262756348
DEBUG:root:each movie's lapTime : 4.518188714981079
DEBUG:root:each movie's lapTime : 2.1002962589263916
DEBUG:root:each movie's lapTime : 2.043102979660034
DEBUG:root:each movie's lapTime : 2.5818262100219727
DEBUG:root:each movie's lapTime : 5.349451065063477
DEBUG:root:each movie's lapTime : 3.329709053039551
DEBUG:root:each movie's lapTime : 2.123136043548584
DEBUG:root:each movie's lapTime : 2.054025888442993
DEBUG:root:each movie's lapTime : 2.361639976501465
DEBUG:root:each movie's lapTime : 2.007983684539795
DEBUG:root:each movie's lapTime : 4.155728101730347
DEBUG:root:each movie's lapTime : 3.113621950149536
DEBUG:root:each movie's lapTime : 2.1330227851867676
DEBUG:root:each movie's lapTime : 2.0999796390533447
DEBUG:root:each movie's lapTime : 3.096498966217041
DEBUG:root:each movie's lapTime : 3.8524882793426514
DEBUG:root:each movie's lapTime : 3.01069712638855
DEBUG:root:each movie's lapTime : 2.091547727584839
DEBUG:root:each movie's lapTime : 2.0112509727478027
DEBUG:root:each movie's lapTime : 2.1312599182128906
DEBUG:root:each movie's lapTime : 7.193250894546509
DEBUG:root:each movie's lapTime : 3.3080098628997803
DEBUG:root:each movie's lapTime : 5.427400827407837
DEBUG:root:each movie's lapTime : 2.0911800861358643
DEBUG:root:each movie's lapTime : 2.037813901901245
DEBUG:root:each movie's lapTime : 2.3019678592681885
DEBUG:root:each movie's lapTime : 3.536799907684326
DEBUG:root:each movie's lapTime : 3.0490901470184326
DEBUG:root:each movie's lapTime : 2.989550828933716
DEBUG:root:each movie's lapTime : 2.085426092147827
DEBUG:root:each movie's lapTime : 2.976191997528076
DEBUG:root:each movie's lapTime : 2.0170371532440186
DEBUG:root:each movie's lapTime : 4.15999698638916
DEBUG:root:each movie's lapTime : 2.725551128387451
DEBUG:root:each movie's lapTime : 2.157473087310791
DEBUG:root:each movie's lapTime : 2.357029914855957
DEBUG:root:each movie's lapTime : 2.0794999599456787
DEBUG:root:each movie's lapTime : 3.6630048751831055
DEBUG:root:each movie's lapTime : 3.270537853240967
DEBUG:root:each movie's lapTime : 4.609230995178223
DEBUG:root:each movie's lapTime : 2.0739948749542236
DEBUG:root:each movie's lapTime : 1.9615249633789062
DEBUG:root:each movie's lapTime : 3.611837148666382
DEBUG:root:each movie's lapTime : 1.584486722946167
DEBUG:root:each movie's lapTime : 1.7735960483551025
DEBUG:root:each movie's lapTime : 4.44394326210022
DEBUG:root:each movie's lapTime : 2.021960973739624
DEBUG:root:each movie's lapTime : 4.562633037567139
DEBUG:root:each movie's lapTime : 2.308357000350952
DEBUG:root:each movie's lapTime : 4.099307060241699
DEBUG:root:each movie's lapTime : 3.0985584259033203
DEBUG:root:each movie's lapTime : 1.9970738887786865
DEBUG:root:each movie's lapTime : 2.4428389072418213
DEBUG:root:each movie's lapTime : 2.912585973739624
DEBUG:root:each movie's lapTime : 2.2667808532714844
DEBUG:root:each movie's lapTime : 3.0270347595214844
DEBUG:root:each movie's lapTime : 2.0635008811950684
DEBUG:root:each movie's lapTime : 2.5974206924438477
DEBUG:root:each movie's lapTime : 2.073551893234253
DEBUG:root:each movie's lapTime : 2.700951099395752
DEBUG:root:each movie's lapTime : 4.638934135437012
DEBUG:root:each movie's lapTime : 8.091469764709473
DEBUG:root:each movie's lapTime : 6.210204839706421
DEBUG:root:each movie's lapTime : 9.081151962280273
DEBUG:root:each movie's lapTime : 2.2780370712280273
DEBUG:root:each movie's lapTime : 2.2717108726501465
DEBUG:root:each movie's lapTime : 2.617047071456909
DEBUG:root:each movie's lapTime : 2.093306064605713
DEBUG:root:each movie's lapTime : 2.7584800720214844
DEBUG:root:each movie's lapTime : 3.0884790420532227
DEBUG:root:each movie's lapTime : 2.154139280319214
DEBUG:root:each movie's lapTime : 2.5190939903259277
DEBUG:root:each movie's lapTime : 3.270987033843994
DEBUG:root:each movie's lapTime : 6.183521032333374
DEBUG:root:each movie's lapTime : 3.068979263305664
DEBUG:root:each movie's lapTime : 2.0433590412139893
DEBUG:root:each movie's lapTime : 2.1875391006469727
DEBUG:root:each movie's lapTime : 3.9327259063720703
DEBUG:root:each movie's lapTime : 1.994319200515747
DEBUG:root:each movie's lapTime : 2.1018800735473633
DEBUG:root:each movie's lapTime : 3.2159581184387207
DEBUG:root:each movie's lapTime : 4.84830904006958
DEBUG:root:each movie's lapTime : 9.889840126037598
DEBUG:root:each movie's lapTime : 2.0460352897644043
DEBUG:root:each movie's lapTime : 2.312831163406372
DEBUG:root:each movie's lapTime : 4.828190088272095
DEBUG:root:each movie's lapTime : 2.04227614402771
DEBUG:root:each movie's lapTime : 4.434418201446533
DEBUG:root:each movie's lapTime : 3.5328781604766846
DEBUG:root:each movie's lapTime : 7.4863951206207275
DEBUG:root:each movie's lapTime : 2.4127089977264404
DEBUG:root:each movie's lapTime : 3.6503491401672363
DEBUG:root:each movie's lapTime : 2.3637750148773193
DEBUG:root:each movie's lapTime : 2.3817880153656006
DEBUG:root:each movie's lapTime : 3.342851161956787
DEBUG:root:each movie's lapTime : 7.59710693359375
DEBUG:root:each movie's lapTime : 2.088336229324341
DEBUG:root:each movie's lapTime : 2.0224850177764893
DEBUG:root:each movie's lapTime : 2.1180319786071777
DEBUG:root:each movie's lapTime : 2.3785858154296875
DEBUG:root:each movie's lapTime : 3.1851699352264404
DEBUG:root:each movie's lapTime : 2.2505149841308594
DEBUG:root:each movie's lapTime : 2.1347830295562744
DEBUG:root:each movie's lapTime : 3.096946954727173
DEBUG:root:each movie's lapTime : 2.091146945953369
DEBUG:root:each movie's lapTime : 2.094295024871826
DEBUG:root:each movie's lapTime : 2.1471548080444336
DEBUG:root:each movie's lapTime : 3.087282180786133
DEBUG:root:each movie's lapTime : 3.757949113845825
DEBUG:root:each movie's lapTime : 2.6062967777252197
DEBUG:root:each movie's lapTime : 5.028846740722656
DEBUG:root:each movie's lapTime : 2.2924718856811523
DEBUG:root:each movie's lapTime : 2.1137311458587646
DEBUG:root:each movie's lapTime : 2.4627137184143066
DEBUG:root:each movie's lapTime : 3.920389175415039
DEBUG:root:each movie's lapTime : 2.0619771480560303
DEBUG:root:each movie's lapTime : 3.327119827270508
DEBUG:root:each movie's lapTime : 2.354275941848755
DEBUG:root:each movie's lapTime : 5.226400852203369
DEBUG:root:each movie's lapTime : 3.3618409633636475
DEBUG:root:each movie's lapTime : 2.0558688640594482
DEBUG:root:each movie's lapTime : 2.3271069526672363
DEBUG:root:each movie's lapTime : 6.979010105133057
DEBUG:root:each movie's lapTime : 3.118419885635376
DEBUG:root:each movie's lapTime : 2.091499090194702
DEBUG:root:each movie's lapTime : 2.0863397121429443
DEBUG:root:each movie's lapTime : 3.065882921218872
DEBUG:root:each movie's lapTime : 3.4431941509246826
DEBUG:root:each movie's lapTime : 2.5631418228149414
DEBUG:root:each movie's lapTime : 3.2277817726135254
DEBUG:root:each movie's lapTime : 2.308871030807495
DEBUG:root:each movie's lapTime : 3.9399759769439697
DEBUG:root:each movie's lapTime : 2.980668783187866
DEBUG:root:each movie's lapTime : 2.0560998916625977
DEBUG:root:each movie's lapTime : 2.136219024658203
DEBUG:root:each movie's lapTime : 2.142457962036133
DEBUG:root:each movie's lapTime : 2.154369831085205
DEBUG:root:each movie's lapTime : 7.185931205749512
DEBUG:root:each movie's lapTime : 1.9542131423950195
DEBUG:root:each movie's lapTime : 2.084082841873169
DEBUG:root:each movie's lapTime : 2.0809242725372314
DEBUG:root:each movie's lapTime : 3.099382162094116
DEBUG:root:each movie's lapTime : 2.0818920135498047
DEBUG:root:each movie's lapTime : 1.9961609840393066
DEBUG:root:each movie's lapTime : 3.9762790203094482
DEBUG:root:each movie's lapTime : 3.3315980434417725
DEBUG:root:each movie's lapTime : 5.333593845367432
DEBUG:root:each movie's lapTime : 2.5274839401245117
DEBUG:root:each movie's lapTime : 2.491636037826538
DEBUG:root:each movie's lapTime : 2.5717549324035645
DEBUG:root:each movie's lapTime : 2.118906021118164
DEBUG:root:each movie's lapTime : 2.0431830883026123
DEBUG:root:each movie's lapTime : 3.0264179706573486
DEBUG:root:each movie's lapTime : 3.3099160194396973
DEBUG:root:each movie's lapTime : 2.3327808380126953
DEBUG:root:each movie's lapTime : 2.4157633781433105
DEBUG:root:each movie's lapTime : 2.654517889022827
DEBUG:root:each movie's lapTime : 2.3194499015808105
DEBUG:root:each movie's lapTime : 2.0111241340637207
DEBUG:root:each movie's lapTime : 2.1274349689483643
DEBUG:root:each movie's lapTime : 2.042224884033203
DEBUG:root:each movie's lapTime : 2.675286054611206
DEBUG:root:each movie's lapTime : 7.057302951812744
DEBUG:root:each movie's lapTime : 2.9354870319366455
DEBUG:root:each movie's lapTime : 12.621325969696045
DEBUG:root:begin to scrap letter : B, page : 7
DEBUG:root:each movie's lapTime : 14.217470169067383
DEBUG:root:each movie's lapTime : 5.299027919769287
DEBUG:root:each movie's lapTime : 7.546095848083496
DEBUG:root:each movie's lapTime : 4.914258241653442
DEBUG:root:each movie's lapTime : 2.9557597637176514
DEBUG:root:each movie's lapTime : 7.065165758132935
DEBUG:root:each movie's lapTime : 2.122877836227417
DEBUG:root:each movie's lapTime : 2.9020042419433594
DEBUG:root:each movie's lapTime : 3.650897741317749
DEBUG:root:each movie's lapTime : 3.185849905014038
DEBUG:root:each movie's lapTime : 3.5058231353759766
DEBUG:root:each movie's lapTime : 2.3960189819335938
DEBUG:root:each movie's lapTime : 2.1371030807495117
DEBUG:root:each movie's lapTime : 4.432784080505371
DEBUG:root:each movie's lapTime : 3.3291850090026855
DEBUG:root:each movie's lapTime : 4.3652660846710205
DEBUG:root:each movie's lapTime : 2.0974597930908203
DEBUG:root:each movie's lapTime : 4.586728096008301
DEBUG:root:each movie's lapTime : 3.52961802482605
DEBUG:root:each movie's lapTime : 2.9203603267669678
DEBUG:root:each movie's lapTime : 3.13601016998291
DEBUG:root:each movie's lapTime : 2.0477960109710693
DEBUG:root:each movie's lapTime : 3.916537046432495
DEBUG:root:each movie's lapTime : 2.1269099712371826
DEBUG:root:each movie's lapTime : 3.36464524269104
DEBUG:root:each movie's lapTime : 4.207057952880859
DEBUG:root:each movie's lapTime : 4.248914957046509
DEBUG:root:each movie's lapTime : 1.9475781917572021
DEBUG:root:each movie's lapTime : 12.256423234939575
DEBUG:root:each movie's lapTime : 2.0693869590759277
DEBUG:root:each movie's lapTime : 2.0665228366851807
DEBUG:root:each movie's lapTime : 2.973926305770874
DEBUG:root:each movie's lapTime : 2.117309331893921
DEBUG:root:each movie's lapTime : 2.120849132537842
DEBUG:root:each movie's lapTime : 4.150012969970703
DEBUG:root:each movie's lapTime : 2.130262851715088
DEBUG:root:each movie's lapTime : 2.165447235107422
DEBUG:root:each movie's lapTime : 2.2716667652130127
DEBUG:root:each movie's lapTime : 2.3794209957122803
DEBUG:root:each movie's lapTime : 2.123508930206299
DEBUG:root:each movie's lapTime : 1.9970901012420654
DEBUG:root:each movie's lapTime : 2.10063099861145
DEBUG:root:each movie's lapTime : 3.554795026779175
DEBUG:root:each movie's lapTime : 4.894120931625366
DEBUG:root:each movie's lapTime : 1.847322702407837
DEBUG:root:each movie's lapTime : 2.368295907974243
DEBUG:root:each movie's lapTime : 2.1118109226226807
DEBUG:root:each movie's lapTime : 2.0447096824645996
DEBUG:root:each movie's lapTime : 6.865880012512207
DEBUG:root:each movie's lapTime : 2.382105827331543
DEBUG:root:each movie's lapTime : 3.0676960945129395
DEBUG:root:each movie's lapTime : 5.501096963882446
DEBUG:root:each movie's lapTime : 2.390272855758667
DEBUG:root:each movie's lapTime : 2.11199688911438
DEBUG:root:each movie's lapTime : 3.28170108795166
DEBUG:root:each movie's lapTime : 3.0498571395874023
DEBUG:root:each movie's lapTime : 3.0836119651794434
DEBUG:root:each movie's lapTime : 2.656773805618286
DEBUG:root:each movie's lapTime : 2.3383421897888184
DEBUG:root:each movie's lapTime : 4.334492206573486
DEBUG:root:each movie's lapTime : 4.384867906570435
DEBUG:root:each movie's lapTime : 9.10333776473999
DEBUG:root:each movie's lapTime : 1.9996469020843506
DEBUG:root:each movie's lapTime : 4.321748971939087
DEBUG:root:each movie's lapTime : 2.317500114440918
DEBUG:root:each movie's lapTime : 1.9668431282043457
DEBUG:root:each movie's lapTime : 2.317441940307617
DEBUG:root:each movie's lapTime : 10.061033964157104
DEBUG:root:each movie's lapTime : 1.6629469394683838
DEBUG:root:each movie's lapTime : 6.491063833236694
DEBUG:root:each movie's lapTime : 4.086112022399902
DEBUG:root:each movie's lapTime : 7.465276002883911
DEBUG:root:each movie's lapTime : 2.243997097015381
DEBUG:root:each movie's lapTime : 2.616360902786255
DEBUG:root:each movie's lapTime : 2.042430877685547
DEBUG:root:each movie's lapTime : 3.701580047607422
DEBUG:root:each movie's lapTime : 4.421397924423218
DEBUG:root:each movie's lapTime : 2.154848098754883
DEBUG:root:each movie's lapTime : 2.1498308181762695
DEBUG:root:each movie's lapTime : 3.843658924102783
DEBUG:root:each movie's lapTime : 4.4386818408966064
DEBUG:root:each movie's lapTime : 3.0127620697021484
DEBUG:root:each movie's lapTime : 1.8729631900787354
DEBUG:root:each movie's lapTime : 2.398991107940674
DEBUG:root:each movie's lapTime : 3.071526050567627
DEBUG:root:each movie's lapTime : 3.6023178100585938
DEBUG:root:each movie's lapTime : 2.121647834777832
DEBUG:root:each movie's lapTime : 1.935398817062378
DEBUG:root:each movie's lapTime : 4.260593891143799
DEBUG:root:each movie's lapTime : 3.3206679821014404
DEBUG:root:each movie's lapTime : 3.5201869010925293
DEBUG:root:each movie's lapTime : 4.536520004272461
DEBUG:root:each movie's lapTime : 4.942785024642944
DEBUG:root:each movie's lapTime : 2.3633809089660645
DEBUG:root:each movie's lapTime : 3.187959909439087
DEBUG:root:each movie's lapTime : 2.654329776763916
DEBUG:root:each movie's lapTime : 4.848519802093506
DEBUG:root:each movie's lapTime : 5.2090277671813965
DEBUG:root:each movie's lapTime : 2.091629981994629
DEBUG:root:each movie's lapTime : 2.1162400245666504
DEBUG:root:each movie's lapTime : 2.7784361839294434
DEBUG:root:begin to scrap letter : B, page : 8
DEBUG:root:each movie's lapTime : 4.376194715499878
DEBUG:root:each movie's lapTime : 3.084869861602783
